{"/home/yosef/Desktop/import-pilot/src/cli/autoImportCli.ts": {"path":"/home/yosef/Desktop/import-pilot/src/cli/autoImportCli.ts","statementMap":{"0":{"start":{"line":269,"column":0},"end":{"line":269,"column":16}},"1":{"start":{"line":1,"column":0},"end":{"line":1,"column":36}},"2":{"start":{"line":2,"column":0},"end":{"line":2,"column":26}},"3":{"start":{"line":3,"column":0},"end":{"line":3,"column":34}},"4":{"start":{"line":4,"column":0},"end":{"line":4,"column":29}},"5":{"start":{"line":5,"column":0},"end":{"line":5,"column":55}},"6":{"start":{"line":6,"column":0},"end":{"line":6,"column":62}},"7":{"start":{"line":8,"column":0},"end":{"line":8,"column":96}},"8":{"start":{"line":10,"column":0},"end":{"line":10,"column":60}},"9":{"start":{"line":11,"column":0},"end":{"line":11,"column":72}},"10":{"start":{"line":12,"column":0},"end":{"line":12,"column":55}},"11":{"start":{"line":41,"column":4},"end":{"line":41,"column":37}},"12":{"start":{"line":42,"column":4},"end":{"line":42,"column":50}},"13":{"start":{"line":46,"column":22},"end":{"line":46,"column":32}},"14":{"start":{"line":47,"column":4},"end":{"line":47,"column":47}},"15":{"start":{"line":48,"column":4},"end":{"line":48,"column":66}},"16":{"start":{"line":50,"column":24},"end":{"line":50,"column":47}},"17":{"start":{"line":53,"column":4},"end":{"line":69,"column":5}},"18":{"start":{"line":54,"column":6},"end":{"line":56,"column":84}},"19":{"start":{"line":56,"column":23},"end":{"line":56,"column":81}},"20":{"start":{"line":58,"column":23},"end":{"line":58,"column":64}},"21":{"start":{"line":59,"column":24},"end":{"line":59,"column":63}},"22":{"start":{"line":60,"column":23},"end":{"line":60,"column":67}},"23":{"start":{"line":60,"column":48},"end":{"line":60,"column":66}},"24":{"start":{"line":61,"column":6},"end":{"line":68,"column":7}},"25":{"start":{"line":62,"column":8},"end":{"line":62,"column":30}},"26":{"start":{"line":63,"column":8},"end":{"line":65,"column":9}},"27":{"start":{"line":64,"column":10},"end":{"line":64,"column":86}},"28":{"start":{"line":67,"column":8},"end":{"line":67,"column":52}},"29":{"start":{"line":71,"column":4},"end":{"line":71,"column":58}},"30":{"start":{"line":72,"column":4},"end":{"line":78,"column":7}},"31":{"start":{"line":79,"column":4},"end":{"line":79,"column":43}},"32":{"start":{"line":80,"column":4},"end":{"line":80,"column":55}},"33":{"start":{"line":82,"column":19},"end":{"line":82,"column":106}},"34":{"start":{"line":82,"column":79},"end":{"line":82,"column":93}},"35":{"start":{"line":84,"column":18},"end":{"line":88,"column":6}},"36":{"start":{"line":90,"column":4},"end":{"line":90,"column":72}},"37":{"start":{"line":92,"column":47},"end":{"line":92,"column":49}},"38":{"start":{"line":93,"column":41},"end":{"line":93,"column":43}},"39":{"start":{"line":94,"column":26},"end":{"line":94,"column":27}},"40":{"start":{"line":96,"column":4},"end":{"line":174,"column":5}},"41":{"start":{"line":97,"column":21},"end":{"line":97,"column":66}},"42":{"start":{"line":98,"column":6},"end":{"line":98,"column":28}},"43":{"start":{"line":98,"column":19},"end":{"line":98,"column":28}},"44":{"start":{"line":100,"column":30},"end":{"line":100,"column":74}},"45":{"start":{"line":101,"column":30},"end":{"line":101,"column":81}},"46":{"start":{"line":103,"column":28},"end":{"line":103,"column":45}},"47":{"start":{"line":104,"column":6},"end":{"line":108,"column":9}},"48":{"start":{"line":105,"column":8},"end":{"line":107,"column":11}},"49":{"start":{"line":106,"column":10},"end":{"line":106,"column":34}},"50":{"start":{"line":111,"column":33},"end":{"line":111,"column":77}},"51":{"start":{"line":112,"column":28},"end":{"line":112,"column":45}},"52":{"start":{"line":113,"column":6},"end":{"line":115,"column":9}},"53":{"start":{"line":114,"column":8},"end":{"line":114,"column":36}},"54":{"start":{"line":117,"column":33},"end":{"line":122,"column":59}},"55":{"start":{"line":118,"column":21},"end":{"line":118,"column":28}},"56":{"start":{"line":119,"column":37},"end":{"line":119,"column":63}},"57":{"start":{"line":120,"column":26},"end":{"line":120,"column":50}},"58":{"start":{"line":121,"column":26},"end":{"line":121,"column":50}},"59":{"start":{"line":122,"column":26},"end":{"line":122,"column":58}},"60":{"start":{"line":124,"column":6},"end":{"line":173,"column":7}},"61":{"start":{"line":125,"column":8},"end":{"line":125,"column":26}},"62":{"start":{"line":127,"column":8},"end":{"line":130,"column":9}},"63":{"start":{"line":128,"column":10},"end":{"line":128,"column":85}},"64":{"start":{"line":129,"column":10},"end":{"line":129,"column":57}},"65":{"start":{"line":132,"column":8},"end":{"line":172,"column":9}},"66":{"start":{"line":133,"column":29},"end":{"line":133,"column":80}},"67":{"start":{"line":135,"column":47},"end":{"line":135,"column":78}},"68":{"start":{"line":136,"column":26},"end":{"line":136,"column":63}},"69":{"start":{"line":138,"column":10},"end":{"line":169,"column":11}},"70":{"start":{"line":139,"column":12},"end":{"line":142,"column":14}},"71":{"start":{"line":144,"column":25},"end":{"line":144,"column":108}},"72":{"start":{"line":146,"column":12},"end":{"line":148,"column":13}},"73":{"start":{"line":147,"column":14},"end":{"line":147,"column":87}},"74":{"start":{"line":150,"column":12},"end":{"line":156,"column":15}},"75":{"start":{"line":158,"column":12},"end":{"line":160,"column":13}},"76":{"start":{"line":159,"column":14},"end":{"line":159,"column":98}},"77":{"start":{"line":162,"column":12},"end":{"line":168,"column":15}},"78":{"start":{"line":171,"column":10},"end":{"line":171,"column":48}},"79":{"start":{"line":176,"column":23},"end":{"line":176,"column":75}},"80":{"start":{"line":176,"column":55},"end":{"line":176,"column":67}},"81":{"start":{"line":178,"column":4},"end":{"line":178,"column":47}},"82":{"start":{"line":179,"column":4},"end":{"line":179,"column":70}},"83":{"start":{"line":180,"column":4},"end":{"line":180,"column":80}},"84":{"start":{"line":181,"column":4},"end":{"line":181,"column":84}},"85":{"start":{"line":182,"column":4},"end":{"line":182,"column":67}},"86":{"start":{"line":184,"column":4},"end":{"line":195,"column":5}},"87":{"start":{"line":185,"column":6},"end":{"line":185,"column":79}},"88":{"start":{"line":187,"column":22},"end":{"line":187,"column":67}},"89":{"start":{"line":187,"column":54},"end":{"line":187,"column":66}},"90":{"start":{"line":188,"column":6},"end":{"line":194,"column":7}},"91":{"start":{"line":189,"column":8},"end":{"line":189,"column":75}},"92":{"start":{"line":190,"column":8},"end":{"line":190,"column":82}},"93":{"start":{"line":191,"column":8},"end":{"line":191,"column":65}},"94":{"start":{"line":193,"column":8},"end":{"line":193,"column":71}},"95":{"start":{"line":197,"column":26},"end":{"line":197,"column":50}},"96":{"start":{"line":198,"column":4},"end":{"line":217,"column":5}},"97":{"start":{"line":199,"column":25},"end":{"line":199,"column":47}},"98":{"start":{"line":200,"column":37},"end":{"line":211,"column":8}},"99":{"start":{"line":213,"column":25},"end":{"line":213,"column":81}},"100":{"start":{"line":214,"column":6},"end":{"line":216,"column":7}},"101":{"start":{"line":215,"column":8},"end":{"line":215,"column":113}},"102":{"start":{"line":221,"column":23},"end":{"line":221,"column":39}},"103":{"start":{"line":222,"column":23},"end":{"line":222,"column":47}},"104":{"start":{"line":223,"column":19},"end":{"line":223,"column":35}},"105":{"start":{"line":224,"column":21},"end":{"line":224,"column":37}},"106":{"start":{"line":225,"column":4},"end":{"line":225,"column":45}},"107":{"start":{"line":225,"column":29},"end":{"line":225,"column":45}},"108":{"start":{"line":226,"column":4},"end":{"line":226,"column":45}},"109":{"start":{"line":226,"column":29},"end":{"line":226,"column":45}},"110":{"start":{"line":227,"column":4},"end":{"line":227,"column":37}},"111":{"start":{"line":227,"column":25},"end":{"line":227,"column":37}},"112":{"start":{"line":228,"column":4},"end":{"line":228,"column":41}},"113":{"start":{"line":228,"column":27},"end":{"line":228,"column":41}},"114":{"start":{"line":229,"column":4},"end":{"line":229,"column":16}},"115":{"start":{"line":233,"column":20},"end":{"line":233,"column":54}},"116":{"start":{"line":234,"column":4},"end":{"line":239,"column":5}},"117":{"start":{"line":235,"column":6},"end":{"line":237,"column":7}},"118":{"start":{"line":236,"column":8},"end":{"line":236,"column":35}},"119":{"start":{"line":238,"column":6},"end":{"line":238,"column":41}},"120":{"start":{"line":241,"column":4},"end":{"line":265,"column":5}},"121":{"start":{"line":242,"column":6},"end":{"line":264,"column":7}},"122":{"start":{"line":243,"column":24},"end":{"line":243,"column":60}},"123":{"start":{"line":244,"column":20},"end":{"line":244,"column":42}},"124":{"start":{"line":245,"column":23},"end":{"line":245,"column":63}},"125":{"start":{"line":246,"column":8},"end":{"line":246,"column":30}},"126":{"start":{"line":246,"column":21},"end":{"line":246,"column":30}},"127":{"start":{"line":247,"column":37},"end":{"line":247,"column":39}},"128":{"start":{"line":248,"column":8},"end":{"line":254,"column":9}},"129":{"start":{"line":249,"column":10},"end":{"line":253,"column":11}},"130":{"start":{"line":250,"column":12},"end":{"line":252,"column":14}},"131":{"start":{"line":256,"column":8},"end":{"line":256,"column":46}},"132":{"start":{"line":256,"column":37},"end":{"line":256,"column":46}},"133":{"start":{"line":257,"column":21},"end":{"line":257,"column":48}},"134":{"start":{"line":258,"column":30},"end":{"line":258,"column":96}},"135":{"start":{"line":259,"column":27},"end":{"line":259,"column":81}},"136":{"start":{"line":260,"column":8},"end":{"line":260,"column":58}},"137":{"start":{"line":262,"column":20},"end":{"line":262,"column":74}},"138":{"start":{"line":263,"column":8},"end":{"line":263,"column":75}},"139":{"start":{"line":35,"column":0},"end":{"line":35,"column":13}},"140":{"start":{"line":270,"column":18},"end":{"line":270,"column":31}},"141":{"start":{"line":272,"column":2},"end":{"line":334,"column":7}},"142":{"start":{"line":291,"column":6},"end":{"line":333,"column":7}},"143":{"start":{"line":292,"column":27},"end":{"line":292,"column":90}},"144":{"start":{"line":293,"column":53},"end":{"line":293,"column":57}},"145":{"start":{"line":294,"column":8},"end":{"line":299,"column":9}},"146":{"start":{"line":295,"column":22},"end":{"line":295,"column":60}},"147":{"start":{"line":296,"column":10},"end":{"line":296,"column":39}},"148":{"start":{"line":301,"column":8},"end":{"line":326,"column":9}},"149":{"start":{"line":302,"column":10},"end":{"line":304,"column":11}},"150":{"start":{"line":303,"column":12},"end":{"line":303,"column":65}},"151":{"start":{"line":305,"column":10},"end":{"line":307,"column":11}},"152":{"start":{"line":306,"column":12},"end":{"line":306,"column":57}},"153":{"start":{"line":308,"column":10},"end":{"line":310,"column":11}},"154":{"start":{"line":309,"column":12},"end":{"line":309,"column":50}},"155":{"start":{"line":311,"column":10},"end":{"line":313,"column":11}},"156":{"start":{"line":312,"column":12},"end":{"line":312,"column":47}},"157":{"start":{"line":314,"column":10},"end":{"line":316,"column":11}},"158":{"start":{"line":315,"column":12},"end":{"line":315,"column":49}},"159":{"start":{"line":317,"column":10},"end":{"line":319,"column":11}},"160":{"start":{"line":318,"column":12},"end":{"line":318,"column":47}},"161":{"start":{"line":320,"column":10},"end":{"line":322,"column":11}},"162":{"start":{"line":321,"column":12},"end":{"line":321,"column":43}},"163":{"start":{"line":323,"column":10},"end":{"line":325,"column":11}},"164":{"start":{"line":324,"column":12},"end":{"line":324,"column":53}},"165":{"start":{"line":328,"column":20},"end":{"line":328,"column":39}},"166":{"start":{"line":329,"column":8},"end":{"line":329,"column":42}},"167":{"start":{"line":331,"column":8},"end":{"line":331,"column":54}},"168":{"start":{"line":332,"column":8},"end":{"line":332,"column":24}},"169":{"start":{"line":336,"column":2},"end":{"line":348,"column":7}},"170":{"start":{"line":341,"column":6},"end":{"line":347,"column":7}},"171":{"start":{"line":342,"column":35},"end":{"line":342,"column":67}},"172":{"start":{"line":343,"column":8},"end":{"line":343,"column":54}},"173":{"start":{"line":345,"column":8},"end":{"line":345,"column":54}},"174":{"start":{"line":346,"column":8},"end":{"line":346,"column":24}},"175":{"start":{"line":350,"column":2},"end":{"line":350,"column":17}}},"fnMap":{"0":{"name":"(anonymous_10)","decl":{"start":{"line":40,"column":2},"end":{"line":40,"column":14}},"loc":{"start":{"line":40,"column":40},"end":{"line":43,"column":3}}},"1":{"name":"(anonymous_11)","decl":{"start":{"line":45,"column":2},"end":{"line":45,"column":7}},"loc":{"start":{"line":45,"column":55},"end":{"line":218,"column":3}}},"2":{"name":"(anonymous_12)","decl":{"start":{"line":56,"column":13},"end":{"line":56,"column":14}},"loc":{"start":{"line":56,"column":23},"end":{"line":56,"column":81}}},"3":{"name":"(anonymous_13)","decl":{"start":{"line":60,"column":39},"end":{"line":60,"column":40}},"loc":{"start":{"line":60,"column":48},"end":{"line":60,"column":66}}},"4":{"name":"(anonymous_14)","decl":{"start":{"line":82,"column":66},"end":{"line":82,"column":67}},"loc":{"start":{"line":82,"column":79},"end":{"line":82,"column":93}}},"5":{"name":"(anonymous_15)","decl":{"start":{"line":104,"column":30},"end":{"line":104,"column":31}},"loc":{"start":{"line":104,"column":38},"end":{"line":108,"column":7}}},"6":{"name":"(anonymous_16)","decl":{"start":{"line":105,"column":28},"end":{"line":105,"column":29}},"loc":{"start":{"line":105,"column":37},"end":{"line":107,"column":9}}},"7":{"name":"(anonymous_17)","decl":{"start":{"line":113,"column":33},"end":{"line":113,"column":34}},"loc":{"start":{"line":113,"column":41},"end":{"line":115,"column":7}}},"8":{"name":"(anonymous_18)","decl":{"start":{"line":118,"column":13},"end":{"line":118,"column":14}},"loc":{"start":{"line":118,"column":21},"end":{"line":118,"column":28}}},"9":{"name":"(anonymous_19)","decl":{"start":{"line":119,"column":16},"end":{"line":119,"column":17}},"loc":{"start":{"line":119,"column":37},"end":{"line":119,"column":63}}},"10":{"name":"(anonymous_20)","decl":{"start":{"line":120,"column":16},"end":{"line":120,"column":17}},"loc":{"start":{"line":120,"column":26},"end":{"line":120,"column":50}}},"11":{"name":"(anonymous_21)","decl":{"start":{"line":121,"column":16},"end":{"line":121,"column":17}},"loc":{"start":{"line":121,"column":26},"end":{"line":121,"column":50}}},"12":{"name":"(anonymous_22)","decl":{"start":{"line":122,"column":16},"end":{"line":122,"column":17}},"loc":{"start":{"line":122,"column":26},"end":{"line":122,"column":58}}},"13":{"name":"(anonymous_23)","decl":{"start":{"line":176,"column":48},"end":{"line":176,"column":49}},"loc":{"start":{"line":176,"column":55},"end":{"line":176,"column":67}}},"14":{"name":"(anonymous_24)","decl":{"start":{"line":187,"column":47},"end":{"line":187,"column":48}},"loc":{"start":{"line":187,"column":54},"end":{"line":187,"column":66}}},"15":{"name":"(anonymous_25)","decl":{"start":{"line":220,"column":10},"end":{"line":220,"column":27}},"loc":{"start":{"line":220,"column":39},"end":{"line":230,"column":3}}},"16":{"name":"(anonymous_26)","decl":{"start":{"line":232,"column":10},"end":{"line":232,"column":15}},"loc":{"start":{"line":232,"column":99},"end":{"line":266,"column":3}}},"17":{"name":"createCli","decl":{"start":{"line":269,"column":16},"end":{"line":269,"column":25}},"loc":{"start":{"line":269,"column":25},"end":{"line":351,"column":1}}},"18":{"name":"(anonymous_28)","decl":{"start":{"line":290,"column":12},"end":{"line":290,"column":17}},"loc":{"start":{"line":290,"column":61},"end":{"line":334,"column":5}}},"19":{"name":"(anonymous_29)","decl":{"start":{"line":340,"column":12},"end":{"line":340,"column":17}},"loc":{"start":{"line":340,"column":40},"end":{"line":348,"column":5}}},"20":{"name":"(anonymous_30)","decl":{"start":{"line":342,"column":35},"end":{"line":342,"column":48}},"loc":{"start":{"line":342,"column":35},"end":{"line":342,"column":67}}}},"branchMap":{"0":{"loc":{"start":{"line":42,"column":19},"end":{"line":42,"column":49}},"type":"binary-expr","locations":[{"start":{"line":42,"column":19},"end":{"line":42,"column":26}},{"start":{"line":42,"column":30},"end":{"line":42,"column":49}}]},"1":{"loc":{"start":{"line":45,"column":31},"end":{"line":45,"column":55}},"type":"default-arg","locations":[{"start":{"line":45,"column":53},"end":{"line":45,"column":55}}]},"2":{"loc":{"start":{"line":53,"column":4},"end":{"line":69,"column":5}},"type":"if","locations":[{"start":{"line":53,"column":4},"end":{"line":69,"column":5}},{"start":{"line":57,"column":11},"end":{"line":69,"column":5}}]},"3":{"loc":{"start":{"line":56,"column":23},"end":{"line":56,"column":81}},"type":"cond-expr","locations":[{"start":{"line":56,"column":52},"end":{"line":56,"column":62}},{"start":{"line":56,"column":65},"end":{"line":56,"column":81}}]},"4":{"loc":{"start":{"line":61,"column":6},"end":{"line":68,"column":7}},"type":"if","locations":[{"start":{"line":61,"column":6},"end":{"line":68,"column":7}},{"start":{"line":66,"column":13},"end":{"line":68,"column":7}}]},"5":{"loc":{"start":{"line":63,"column":8},"end":{"line":65,"column":9}},"type":"if","locations":[{"start":{"line":63,"column":8},"end":{"line":65,"column":9}}]},"6":{"loc":{"start":{"line":82,"column":19},"end":{"line":82,"column":106}},"type":"cond-expr","locations":[{"start":{"line":82,"column":36},"end":{"line":82,"column":94}},{"start":{"line":82,"column":97},"end":{"line":82,"column":106}}]},"7":{"loc":{"start":{"line":98,"column":6},"end":{"line":98,"column":28}},"type":"if","locations":[{"start":{"line":98,"column":6},"end":{"line":98,"column":28}}]},"8":{"loc":{"start":{"line":124,"column":6},"end":{"line":173,"column":7}},"type":"if","locations":[{"start":{"line":124,"column":6},"end":{"line":173,"column":7}}]},"9":{"loc":{"start":{"line":127,"column":8},"end":{"line":130,"column":9}},"type":"if","locations":[{"start":{"line":127,"column":8},"end":{"line":130,"column":9}}]},"10":{"loc":{"start":{"line":138,"column":10},"end":{"line":169,"column":11}},"type":"if","locations":[{"start":{"line":138,"column":10},"end":{"line":169,"column":11}},{"start":{"line":157,"column":17},"end":{"line":169,"column":11}}]},"11":{"loc":{"start":{"line":146,"column":12},"end":{"line":148,"column":13}},"type":"if","locations":[{"start":{"line":146,"column":12},"end":{"line":148,"column":13}}]},"12":{"loc":{"start":{"line":158,"column":12},"end":{"line":160,"column":13}},"type":"if","locations":[{"start":{"line":158,"column":12},"end":{"line":160,"column":13}}]},"13":{"loc":{"start":{"line":184,"column":4},"end":{"line":195,"column":5}},"type":"if","locations":[{"start":{"line":184,"column":4},"end":{"line":195,"column":5}},{"start":{"line":186,"column":11},"end":{"line":195,"column":5}}]},"14":{"loc":{"start":{"line":188,"column":6},"end":{"line":194,"column":7}},"type":"if","locations":[{"start":{"line":188,"column":6},"end":{"line":194,"column":7}},{"start":{"line":192,"column":13},"end":{"line":194,"column":7}}]},"15":{"loc":{"start":{"line":197,"column":26},"end":{"line":197,"column":50}},"type":"binary-expr","locations":[{"start":{"line":197,"column":26},"end":{"line":197,"column":40}},{"start":{"line":197,"column":44},"end":{"line":197,"column":50}}]},"16":{"loc":{"start":{"line":198,"column":4},"end":{"line":217,"column":5}},"type":"if","locations":[{"start":{"line":198,"column":4},"end":{"line":217,"column":5}}]},"17":{"loc":{"start":{"line":214,"column":6},"end":{"line":216,"column":7}},"type":"if","locations":[{"start":{"line":214,"column":6},"end":{"line":216,"column":7}}]},"18":{"loc":{"start":{"line":225,"column":4},"end":{"line":225,"column":45}},"type":"if","locations":[{"start":{"line":225,"column":4},"end":{"line":225,"column":45}}]},"19":{"loc":{"start":{"line":226,"column":4},"end":{"line":226,"column":45}},"type":"if","locations":[{"start":{"line":226,"column":4},"end":{"line":226,"column":45}}]},"20":{"loc":{"start":{"line":227,"column":4},"end":{"line":227,"column":37}},"type":"if","locations":[{"start":{"line":227,"column":4},"end":{"line":227,"column":37}}]},"21":{"loc":{"start":{"line":228,"column":4},"end":{"line":228,"column":41}},"type":"if","locations":[{"start":{"line":228,"column":4},"end":{"line":228,"column":41}}]},"22":{"loc":{"start":{"line":235,"column":6},"end":{"line":237,"column":7}},"type":"if","locations":[{"start":{"line":235,"column":6},"end":{"line":237,"column":7}}]},"23":{"loc":{"start":{"line":246,"column":8},"end":{"line":246,"column":30}},"type":"if","locations":[{"start":{"line":246,"column":8},"end":{"line":246,"column":30}}]},"24":{"loc":{"start":{"line":249,"column":10},"end":{"line":253,"column":11}},"type":"if","locations":[{"start":{"line":249,"column":10},"end":{"line":253,"column":11}}]},"25":{"loc":{"start":{"line":256,"column":8},"end":{"line":256,"column":46}},"type":"if","locations":[{"start":{"line":256,"column":8},"end":{"line":256,"column":46}}]},"26":{"loc":{"start":{"line":258,"column":30},"end":{"line":258,"column":96}},"type":"cond-expr","locations":[{"start":{"line":258,"column":43},"end":{"line":258,"column":83}},{"start":{"line":258,"column":86},"end":{"line":258,"column":96}}]},"27":{"loc":{"start":{"line":262,"column":20},"end":{"line":262,"column":74}},"type":"cond-expr","locations":[{"start":{"line":262,"column":45},"end":{"line":262,"column":58}},{"start":{"line":262,"column":61},"end":{"line":262,"column":74}}]},"28":{"loc":{"start":{"line":292,"column":51},"end":{"line":292,"column":89}},"type":"binary-expr","locations":[{"start":{"line":292,"column":51},"end":{"line":292,"column":65}},{"start":{"line":292,"column":69},"end":{"line":292,"column":89}}]},"29":{"loc":{"start":{"line":301,"column":8},"end":{"line":326,"column":9}},"type":"if","locations":[{"start":{"line":301,"column":8},"end":{"line":326,"column":9}}]},"30":{"loc":{"start":{"line":302,"column":10},"end":{"line":304,"column":11}},"type":"if","locations":[{"start":{"line":302,"column":10},"end":{"line":304,"column":11}}]},"31":{"loc":{"start":{"line":302,"column":14},"end":{"line":302,"column":58}},"type":"binary-expr","locations":[{"start":{"line":302,"column":14},"end":{"line":302,"column":33}},{"start":{"line":302,"column":37},"end":{"line":302,"column":58}}]},"32":{"loc":{"start":{"line":305,"column":10},"end":{"line":307,"column":11}},"type":"if","locations":[{"start":{"line":305,"column":10},"end":{"line":307,"column":11}}]},"33":{"loc":{"start":{"line":305,"column":14},"end":{"line":305,"column":50}},"type":"binary-expr","locations":[{"start":{"line":305,"column":14},"end":{"line":305,"column":29}},{"start":{"line":305,"column":33},"end":{"line":305,"column":50}}]},"34":{"loc":{"start":{"line":308,"column":10},"end":{"line":310,"column":11}},"type":"if","locations":[{"start":{"line":308,"column":10},"end":{"line":310,"column":11}}]},"35":{"loc":{"start":{"line":308,"column":14},"end":{"line":308,"column":80}},"type":"binary-expr","locations":[{"start":{"line":308,"column":14},"end":{"line":308,"column":41}},{"start":{"line":308,"column":45},"end":{"line":308,"column":80}}]},"36":{"loc":{"start":{"line":311,"column":10},"end":{"line":313,"column":11}},"type":"if","locations":[{"start":{"line":311,"column":10},"end":{"line":313,"column":11}}]},"37":{"loc":{"start":{"line":311,"column":14},"end":{"line":311,"column":63}},"type":"binary-expr","locations":[{"start":{"line":311,"column":14},"end":{"line":311,"column":42}},{"start":{"line":311,"column":46},"end":{"line":311,"column":63}}]},"38":{"loc":{"start":{"line":314,"column":10},"end":{"line":316,"column":11}},"type":"if","locations":[{"start":{"line":314,"column":10},"end":{"line":316,"column":11}}]},"39":{"loc":{"start":{"line":314,"column":14},"end":{"line":314,"column":65}},"type":"binary-expr","locations":[{"start":{"line":314,"column":14},"end":{"line":314,"column":43}},{"start":{"line":314,"column":47},"end":{"line":314,"column":65}}]},"40":{"loc":{"start":{"line":317,"column":10},"end":{"line":319,"column":11}},"type":"if","locations":[{"start":{"line":317,"column":10},"end":{"line":319,"column":11}}]},"41":{"loc":{"start":{"line":317,"column":14},"end":{"line":317,"column":92}},"type":"binary-expr","locations":[{"start":{"line":317,"column":14},"end":{"line":317,"column":39}},{"start":{"line":317,"column":43},"end":{"line":317,"column":60}},{"start":{"line":317,"column":64},"end":{"line":317,"column":92}}]},"42":{"loc":{"start":{"line":320,"column":10},"end":{"line":322,"column":11}},"type":"if","locations":[{"start":{"line":320,"column":10},"end":{"line":322,"column":11}}]},"43":{"loc":{"start":{"line":320,"column":14},"end":{"line":320,"column":73}},"type":"binary-expr","locations":[{"start":{"line":320,"column":14},"end":{"line":320,"column":40}},{"start":{"line":320,"column":44},"end":{"line":320,"column":73}}]},"44":{"loc":{"start":{"line":323,"column":10},"end":{"line":325,"column":11}},"type":"if","locations":[{"start":{"line":323,"column":10},"end":{"line":325,"column":11}}]},"45":{"loc":{"start":{"line":323,"column":14},"end":{"line":323,"column":56}},"type":"binary-expr","locations":[{"start":{"line":323,"column":14},"end":{"line":323,"column":32}},{"start":{"line":323,"column":36},"end":{"line":323,"column":56}}]}},"s":{"0":1,"1":1,"2":1,"3":1,"4":1,"5":1,"6":1,"7":1,"8":1,"9":1,"10":1,"11":38,"12":38,"13":35,"14":35,"15":35,"16":35,"17":35,"18":32,"19":35,"20":3,"21":3,"22":3,"23":4,"24":3,"25":2,"26":2,"27":1,"28":1,"29":35,"30":35,"31":35,"32":35,"33":35,"34":2,"35":35,"36":35,"37":35,"38":35,"39":35,"40":35,"41":22,"42":22,"43":1,"44":21,"45":21,"46":21,"47":21,"48":1,"49":1,"50":21,"51":21,"52":21,"53":1,"54":21,"55":24,"56":24,"57":22,"58":21,"59":20,"60":21,"61":17,"62":17,"63":2,"64":2,"65":17,"66":19,"67":19,"68":19,"69":19,"70":14,"71":14,"72":14,"73":1,"74":14,"75":5,"76":1,"77":5,"78":19,"79":35,"80":19,"81":35,"82":35,"83":35,"84":35,"85":35,"86":35,"87":4,"88":31,"89":13,"90":31,"91":8,"92":8,"93":8,"94":23,"95":35,"96":35,"97":3,"98":3,"99":3,"100":3,"101":3,"102":16,"103":16,"104":16,"105":16,"106":16,"107":1,"108":15,"109":2,"110":13,"111":1,"112":12,"113":1,"114":11,"115":8,"116":8,"117":10,"118":10,"119":10,"120":8,"121":10,"122":10,"123":7,"124":7,"125":7,"126":0,"127":7,"128":7,"129":7,"130":7,"131":7,"132":0,"133":7,"134":7,"135":7,"136":7,"137":3,"138":3,"139":1,"140":0,"141":0,"142":0,"143":0,"144":0,"145":0,"146":0,"147":0,"148":0,"149":0,"150":0,"151":0,"152":0,"153":0,"154":0,"155":0,"156":0,"157":0,"158":0,"159":0,"160":0,"161":0,"162":0,"163":0,"164":0,"165":0,"166":0,"167":0,"168":0,"169":0,"170":0,"171":0,"172":0,"173":0,"174":0,"175":0},"f":{"0":38,"1":35,"2":35,"3":4,"4":2,"5":1,"6":1,"7":1,"8":24,"9":24,"10":22,"11":21,"12":20,"13":19,"14":13,"15":16,"16":8,"17":0,"18":0,"19":0,"20":0},"b":{"0":[38,1],"1":[0],"2":[32,3],"3":[33,2],"4":[2,1],"5":[1],"6":[1,34],"7":[1],"8":[17],"9":[2],"10":[14,5],"11":[1],"12":[1],"13":[4,31],"14":[8,23],"15":[35,31],"16":[3],"17":[3],"18":[1],"19":[2],"20":[1],"21":[1],"22":[10],"23":[0],"24":[7],"25":[0],"26":[6,1],"27":[2,1],"28":[0,0],"29":[0],"30":[0],"31":[0,0],"32":[0],"33":[0,0],"34":[0],"35":[0,0],"36":[0],"37":[0,0],"38":[0],"39":[0,0],"40":[0],"41":[0,0,0],"42":[0],"43":[0,0],"44":[0],"45":[0,0]}}
,"/home/yosef/Desktop/import-pilot/src/cli/setupWizard.ts": {"path":"/home/yosef/Desktop/import-pilot/src/cli/setupWizard.ts","statementMap":{"0":{"start":{"line":16,"column":13},"end":{"line":16,"column":27}},"1":{"start":{"line":20,"column":2},"end":{"line":23,"column":3}},"2":{"start":{"line":21,"column":4},"end":{"line":21,"column":33}},"3":{"start":{"line":22,"column":4},"end":{"line":22,"column":20}},"4":{"start":{"line":24,"column":2},"end":{"line":24,"column":15}},"5":{"start":{"line":29,"column":14},"end":{"line":35,"column":4}},"6":{"start":{"line":36,"column":2},"end":{"line":36,"column":17}},"7":{"start":{"line":37,"column":2},"end":{"line":37,"column":24}},"8":{"start":{"line":61,"column":2},"end":{"line":63,"column":3}},"9":{"start":{"line":62,"column":4},"end":{"line":62,"column":82}},"10":{"start":{"line":65,"column":2},"end":{"line":69,"column":3}},"11":{"start":{"line":66,"column":4},"end":{"line":66,"column":58}},"12":{"start":{"line":67,"column":4},"end":{"line":67,"column":34}},"13":{"start":{"line":68,"column":4},"end":{"line":68,"column":11}},"14":{"start":{"line":71,"column":21},"end":{"line":85,"column":4}},"15":{"start":{"line":73,"column":47},"end":{"line":77,"column":6}},"16":{"start":{"line":86,"column":2},"end":{"line":86,"column":24}},"17":{"start":{"line":87,"column":2},"end":{"line":87,"column":52}},"18":{"start":{"line":92,"column":2},"end":{"line":92,"column":50}},"19":{"start":{"line":92,"column":38},"end":{"line":92,"column":50}},"20":{"start":{"line":94,"column":21},"end":{"line":97,"column":4}},"21":{"start":{"line":98,"column":2},"end":{"line":98,"column":24}},"22":{"start":{"line":99,"column":2},"end":{"line":99,"column":43}},"23":{"start":{"line":104,"column":2},"end":{"line":104,"column":51}},"24":{"start":{"line":104,"column":39},"end":{"line":104,"column":51}},"25":{"start":{"line":106,"column":17},"end":{"line":115,"column":4}},"26":{"start":{"line":116,"column":2},"end":{"line":116,"column":20}},"27":{"start":{"line":117,"column":2},"end":{"line":117,"column":61}},"28":{"start":{"line":122,"column":2},"end":{"line":122,"column":51}},"29":{"start":{"line":122,"column":39},"end":{"line":122,"column":51}},"30":{"start":{"line":124,"column":17},"end":{"line":129,"column":4}},"31":{"start":{"line":131,"column":21},"end":{"line":131,"column":71}},"32":{"start":{"line":134,"column":23},"end":{"line":137,"column":23}},"33":{"start":{"line":136,"column":16},"end":{"line":136,"column":20}},"34":{"start":{"line":137,"column":17},"end":{"line":137,"column":22}},"35":{"start":{"line":138,"column":2},"end":{"line":143,"column":3}},"36":{"start":{"line":139,"column":4},"end":{"line":139,"column":91}},"37":{"start":{"line":141,"column":4},"end":{"line":141,"column":84}},"38":{"start":{"line":142,"column":4},"end":{"line":142,"column":65}},"39":{"start":{"line":145,"column":18},"end":{"line":148,"column":4}},"40":{"start":{"line":149,"column":2},"end":{"line":149,"column":21}},"41":{"start":{"line":151,"column":2},"end":{"line":166,"column":3}},"42":{"start":{"line":152,"column":4},"end":{"line":152,"column":34}},"43":{"start":{"line":153,"column":4},"end":{"line":165,"column":5}},"44":{"start":{"line":154,"column":32},"end":{"line":154,"column":66}},"45":{"start":{"line":155,"column":18},"end":{"line":155,"column":37}},"46":{"start":{"line":156,"column":6},"end":{"line":161,"column":9}},"47":{"start":{"line":162,"column":6},"end":{"line":162,"column":37}},"48":{"start":{"line":164,"column":6},"end":{"line":164,"column":31}},"49":{"start":{"line":171,"column":2},"end":{"line":171,"column":49}},"50":{"start":{"line":171,"column":37},"end":{"line":171,"column":49}},"51":{"start":{"line":173,"column":14},"end":{"line":173,"column":54}},"52":{"start":{"line":175,"column":2},"end":{"line":196,"column":3}},"53":{"start":{"line":176,"column":23},"end":{"line":179,"column":6}},"54":{"start":{"line":180,"column":4},"end":{"line":180,"column":26}},"55":{"start":{"line":182,"column":4},"end":{"line":193,"column":5}},"56":{"start":{"line":183,"column":6},"end":{"line":183,"column":38}},"57":{"start":{"line":184,"column":6},"end":{"line":187,"column":7}},"58":{"start":{"line":185,"column":26},"end":{"line":185,"column":104}},"59":{"start":{"line":186,"column":8},"end":{"line":186,"column":56}},"60":{"start":{"line":186,"column":49},"end":{"line":186,"column":56}},"61":{"start":{"line":188,"column":6},"end":{"line":188,"column":51}},"62":{"start":{"line":189,"column":6},"end":{"line":189,"column":77}},"63":{"start":{"line":190,"column":6},"end":{"line":190,"column":55}},"64":{"start":{"line":191,"column":6},"end":{"line":191,"column":117}},"65":{"start":{"line":192,"column":6},"end":{"line":192,"column":106}},"66":{"start":{"line":195,"column":4},"end":{"line":195,"column":81}},"67":{"start":{"line":201,"column":2},"end":{"line":201,"column":49}},"68":{"start":{"line":201,"column":37},"end":{"line":201,"column":49}},"69":{"start":{"line":203,"column":16},"end":{"line":203,"column":52}},"70":{"start":{"line":205,"column":2},"end":{"line":290,"column":3}},"71":{"start":{"line":206,"column":20},"end":{"line":209,"column":6}},"72":{"start":{"line":210,"column":4},"end":{"line":223,"column":5}},"73":{"start":{"line":211,"column":23},"end":{"line":211,"column":75}},"74":{"start":{"line":212,"column":6},"end":{"line":222,"column":7}},"75":{"start":{"line":213,"column":25},"end":{"line":213,"column":61}},"76":{"start":{"line":214,"column":8},"end":{"line":219,"column":9}},"77":{"start":{"line":215,"column":10},"end":{"line":215,"column":103}},"78":{"start":{"line":216,"column":10},"end":{"line":216,"column":71}},"79":{"start":{"line":218,"column":10},"end":{"line":218,"column":72}},"80":{"start":{"line":221,"column":8},"end":{"line":221,"column":58}},"81":{"start":{"line":224,"column":9},"end":{"line":290,"column":3}},"82":{"start":{"line":225,"column":23},"end":{"line":228,"column":6}},"83":{"start":{"line":229,"column":4},"end":{"line":239,"column":5}},"84":{"start":{"line":230,"column":23},"end":{"line":230,"column":75}},"85":{"start":{"line":231,"column":6},"end":{"line":231,"column":82}},"86":{"start":{"line":232,"column":6},"end":{"line":232,"column":76}},"87":{"start":{"line":233,"column":6},"end":{"line":237,"column":7}},"88":{"start":{"line":234,"column":8},"end":{"line":234,"column":40}},"89":{"start":{"line":238,"column":6},"end":{"line":238,"column":71}},"90":{"start":{"line":241,"column":25},"end":{"line":244,"column":6}},"91":{"start":{"line":245,"column":4},"end":{"line":289,"column":5}},"92":{"start":{"line":246,"column":19},"end":{"line":246,"column":30}},"93":{"start":{"line":247,"column":6},"end":{"line":247,"column":40}},"94":{"start":{"line":248,"column":6},"end":{"line":288,"column":7}},"95":{"start":{"line":249,"column":8},"end":{"line":261,"column":9}},"96":{"start":{"line":250,"column":10},"end":{"line":255,"column":13}},"97":{"start":{"line":257,"column":10},"end":{"line":259,"column":11}},"98":{"start":{"line":258,"column":12},"end":{"line":258,"column":91}},"99":{"start":{"line":260,"column":10},"end":{"line":260,"column":20}},"100":{"start":{"line":262,"column":8},"end":{"line":274,"column":9}},"101":{"start":{"line":263,"column":10},"end":{"line":268,"column":13}},"102":{"start":{"line":270,"column":10},"end":{"line":272,"column":11}},"103":{"start":{"line":271,"column":12},"end":{"line":271,"column":90}},"104":{"start":{"line":273,"column":10},"end":{"line":273,"column":20}},"105":{"start":{"line":275,"column":25},"end":{"line":275,"column":77}},"106":{"start":{"line":276,"column":8},"end":{"line":276,"column":78}},"107":{"start":{"line":277,"column":8},"end":{"line":281,"column":9}},"108":{"start":{"line":278,"column":10},"end":{"line":278,"column":42}},"109":{"start":{"line":282,"column":8},"end":{"line":282,"column":58}},"110":{"start":{"line":284,"column":8},"end":{"line":284,"column":47}},"111":{"start":{"line":285,"column":8},"end":{"line":287,"column":10}},"112":{"start":{"line":298,"column":22},"end":{"line":298,"column":45}},"113":{"start":{"line":300,"column":2},"end":{"line":300,"column":75}},"114":{"start":{"line":303,"column":15},"end":{"line":303,"column":26}},"115":{"start":{"line":304,"column":2},"end":{"line":304,"column":56}},"116":{"start":{"line":306,"column":22},"end":{"line":306,"column":61}},"117":{"start":{"line":307,"column":24},"end":{"line":307,"column":42}},"118":{"start":{"line":308,"column":19},"end":{"line":308,"column":75}},"119":{"start":{"line":308,"column":47},"end":{"line":308,"column":74}},"120":{"start":{"line":309,"column":22},"end":{"line":309,"column":79}},"121":{"start":{"line":309,"column":50},"end":{"line":309,"column":78}},"122":{"start":{"line":311,"column":2},"end":{"line":311,"column":85}},"123":{"start":{"line":313,"column":2},"end":{"line":319,"column":3}},"124":{"start":{"line":314,"column":4},"end":{"line":318,"column":6}},"125":{"start":{"line":321,"column":20},"end":{"line":321,"column":25}},"126":{"start":{"line":322,"column":2},"end":{"line":327,"column":3}},"127":{"start":{"line":323,"column":4},"end":{"line":323,"column":61}},"128":{"start":{"line":324,"column":4},"end":{"line":324,"column":23}},"129":{"start":{"line":330,"column":29},"end":{"line":339,"column":4}},"130":{"start":{"line":342,"column":64},"end":{"line":349,"column":4}},"131":{"start":{"line":351,"column":18},"end":{"line":351,"column":19}},"132":{"start":{"line":352,"column":2},"end":{"line":359,"column":3}},"133":{"start":{"line":353,"column":19},"end":{"line":353,"column":48}},"134":{"start":{"line":354,"column":4},"end":{"line":358,"column":5}},"135":{"start":{"line":355,"column":6},"end":{"line":355,"column":45}},"136":{"start":{"line":357,"column":6},"end":{"line":357,"column":18}},"137":{"start":{"line":362,"column":2},"end":{"line":374,"column":4}},"138":{"start":{"line":376,"column":2},"end":{"line":376,"column":42}}},"fnMap":{"0":{"name":"cancelled","decl":{"start":{"line":19,"column":9},"end":{"line":19,"column":18}},"loc":{"start":{"line":19,"column":33},"end":{"line":25,"column":1}}},"1":{"name":"backGate","decl":{"start":{"line":28,"column":15},"end":{"line":28,"column":23}},"loc":{"start":{"line":28,"column":41},"end":{"line":38,"column":1}}},"2":{"name":"stepExtensions","decl":{"start":{"line":60,"column":15},"end":{"line":60,"column":29}},"loc":{"start":{"line":60,"column":48},"end":{"line":88,"column":1}}},"3":{"name":"(anonymous_3)","decl":{"start":{"line":73,"column":37},"end":{"line":73,"column":38}},"loc":{"start":{"line":73,"column":47},"end":{"line":77,"column":6}}},"4":{"name":"stepAliases","decl":{"start":{"line":91,"column":15},"end":{"line":91,"column":26}},"loc":{"start":{"line":91,"column":45},"end":{"line":100,"column":1}}},"5":{"name":"stepReportFormat","decl":{"start":{"line":103,"column":15},"end":{"line":103,"column":31}},"loc":{"start":{"line":103,"column":50},"end":{"line":118,"column":1}}},"6":{"name":"stepConfigAndScan","decl":{"start":{"line":121,"column":15},"end":{"line":121,"column":32}},"loc":{"start":{"line":121,"column":51},"end":{"line":167,"column":1}}},"7":{"name":"(anonymous_7)","decl":{"start":{"line":136,"column":10},"end":{"line":136,"column":13}},"loc":{"start":{"line":136,"column":16},"end":{"line":136,"column":20}}},"8":{"name":"(anonymous_8)","decl":{"start":{"line":137,"column":11},"end":{"line":137,"column":14}},"loc":{"start":{"line":137,"column":17},"end":{"line":137,"column":22}}},"9":{"name":"stepScripts","decl":{"start":{"line":170,"column":15},"end":{"line":170,"column":26}},"loc":{"start":{"line":170,"column":45},"end":{"line":197,"column":1}}},"10":{"name":"stepHusky","decl":{"start":{"line":200,"column":15},"end":{"line":200,"column":24}},"loc":{"start":{"line":200,"column":43},"end":{"line":291,"column":1}}},"11":{"name":"runSetupWizard","decl":{"start":{"line":297,"column":22},"end":{"line":297,"column":36}},"loc":{"start":{"line":297,"column":54},"end":{"line":377,"column":1}}},"12":{"name":"(anonymous_12)","decl":{"start":{"line":308,"column":38},"end":{"line":308,"column":39}},"loc":{"start":{"line":308,"column":47},"end":{"line":308,"column":74}}},"13":{"name":"(anonymous_13)","decl":{"start":{"line":309,"column":41},"end":{"line":309,"column":42}},"loc":{"start":{"line":309,"column":50},"end":{"line":309,"column":78}}}},"branchMap":{"0":{"loc":{"start":{"line":20,"column":2},"end":{"line":23,"column":3}},"type":"if","locations":[{"start":{"line":20,"column":2},"end":{"line":23,"column":3}}]},"1":{"loc":{"start":{"line":61,"column":2},"end":{"line":63,"column":3}},"type":"if","locations":[{"start":{"line":61,"column":2},"end":{"line":63,"column":3}}]},"2":{"loc":{"start":{"line":61,"column":6},"end":{"line":61,"column":67}},"type":"binary-expr","locations":[{"start":{"line":61,"column":6},"end":{"line":61,"column":33}},{"start":{"line":61,"column":37},"end":{"line":61,"column":67}}]},"3":{"loc":{"start":{"line":65,"column":2},"end":{"line":69,"column":3}},"type":"if","locations":[{"start":{"line":65,"column":2},"end":{"line":69,"column":3}}]},"4":{"loc":{"start":{"line":76,"column":12},"end":{"line":76,"column":76}},"type":"cond-expr","locations":[{"start":{"line":76,"column":43},"end":{"line":76,"column":64}},{"start":{"line":76,"column":67},"end":{"line":76,"column":76}}]},"5":{"loc":{"start":{"line":79,"column":6},"end":{"line":83,"column":21}},"type":"cond-expr","locations":[{"start":{"line":80,"column":10},"end":{"line":80,"column":34}},{"start":{"line":81,"column":10},"end":{"line":83,"column":21}}]},"6":{"loc":{"start":{"line":81,"column":10},"end":{"line":83,"column":21}},"type":"cond-expr","locations":[{"start":{"line":82,"column":12},"end":{"line":82,"column":26}},{"start":{"line":83,"column":12},"end":{"line":83,"column":21}}]},"7":{"loc":{"start":{"line":92,"column":2},"end":{"line":92,"column":50}},"type":"if","locations":[{"start":{"line":92,"column":2},"end":{"line":92,"column":50}}]},"8":{"loc":{"start":{"line":95,"column":54},"end":{"line":95,"column":118}},"type":"cond-expr","locations":[{"start":{"line":95,"column":74},"end":{"line":95,"column":113}},{"start":{"line":95,"column":116},"end":{"line":95,"column":118}}]},"9":{"loc":{"start":{"line":96,"column":18},"end":{"line":96,"column":55}},"type":"binary-expr","locations":[{"start":{"line":96,"column":18},"end":{"line":96,"column":34}},{"start":{"line":96,"column":38},"end":{"line":96,"column":55}}]},"10":{"loc":{"start":{"line":104,"column":2},"end":{"line":104,"column":51}},"type":"if","locations":[{"start":{"line":104,"column":2},"end":{"line":104,"column":51}}]},"11":{"loc":{"start":{"line":122,"column":2},"end":{"line":122,"column":51}},"type":"if","locations":[{"start":{"line":122,"column":2},"end":{"line":122,"column":51}}]},"12":{"loc":{"start":{"line":138,"column":2},"end":{"line":143,"column":3}},"type":"if","locations":[{"start":{"line":138,"column":2},"end":{"line":143,"column":3}},{"start":{"line":140,"column":9},"end":{"line":143,"column":3}}]},"13":{"loc":{"start":{"line":151,"column":2},"end":{"line":166,"column":3}},"type":"if","locations":[{"start":{"line":151,"column":2},"end":{"line":166,"column":3}}]},"14":{"loc":{"start":{"line":171,"column":2},"end":{"line":171,"column":49}},"type":"if","locations":[{"start":{"line":171,"column":2},"end":{"line":171,"column":49}}]},"15":{"loc":{"start":{"line":175,"column":2},"end":{"line":196,"column":3}},"type":"if","locations":[{"start":{"line":175,"column":2},"end":{"line":196,"column":3}},{"start":{"line":194,"column":9},"end":{"line":196,"column":3}}]},"16":{"loc":{"start":{"line":182,"column":4},"end":{"line":193,"column":5}},"type":"if","locations":[{"start":{"line":182,"column":4},"end":{"line":193,"column":5}}]},"17":{"loc":{"start":{"line":183,"column":20},"end":{"line":183,"column":37}},"type":"binary-expr","locations":[{"start":{"line":183,"column":20},"end":{"line":183,"column":31}},{"start":{"line":183,"column":35},"end":{"line":183,"column":37}}]},"18":{"loc":{"start":{"line":184,"column":6},"end":{"line":187,"column":7}},"type":"if","locations":[{"start":{"line":184,"column":6},"end":{"line":187,"column":7}}]},"19":{"loc":{"start":{"line":186,"column":8},"end":{"line":186,"column":56}},"type":"if","locations":[{"start":{"line":186,"column":8},"end":{"line":186,"column":56}}]},"20":{"loc":{"start":{"line":186,"column":12},"end":{"line":186,"column":47}},"type":"binary-expr","locations":[{"start":{"line":186,"column":12},"end":{"line":186,"column":33}},{"start":{"line":186,"column":37},"end":{"line":186,"column":47}}]},"21":{"loc":{"start":{"line":201,"column":2},"end":{"line":201,"column":49}},"type":"if","locations":[{"start":{"line":201,"column":2},"end":{"line":201,"column":49}}]},"22":{"loc":{"start":{"line":205,"column":2},"end":{"line":290,"column":3}},"type":"if","locations":[{"start":{"line":205,"column":2},"end":{"line":290,"column":3}},{"start":{"line":224,"column":9},"end":{"line":290,"column":3}}]},"23":{"loc":{"start":{"line":205,"column":6},"end":{"line":205,"column":43}},"type":"binary-expr","locations":[{"start":{"line":205,"column":6},"end":{"line":205,"column":21}},{"start":{"line":205,"column":25},"end":{"line":205,"column":43}}]},"24":{"loc":{"start":{"line":210,"column":4},"end":{"line":223,"column":5}},"type":"if","locations":[{"start":{"line":210,"column":4},"end":{"line":223,"column":5}}]},"25":{"loc":{"start":{"line":210,"column":8},"end":{"line":210,"column":39}},"type":"binary-expr","locations":[{"start":{"line":210,"column":8},"end":{"line":210,"column":28}},{"start":{"line":210,"column":32},"end":{"line":210,"column":39}}]},"26":{"loc":{"start":{"line":214,"column":8},"end":{"line":219,"column":9}},"type":"if","locations":[{"start":{"line":214,"column":8},"end":{"line":219,"column":9}},{"start":{"line":217,"column":15},"end":{"line":219,"column":9}}]},"27":{"loc":{"start":{"line":224,"column":9},"end":{"line":290,"column":3}},"type":"if","locations":[{"start":{"line":224,"column":9},"end":{"line":290,"column":3}},{"start":{"line":240,"column":9},"end":{"line":290,"column":3}}]},"28":{"loc":{"start":{"line":224,"column":13},"end":{"line":224,"column":51}},"type":"binary-expr","locations":[{"start":{"line":224,"column":13},"end":{"line":224,"column":28}},{"start":{"line":224,"column":32},"end":{"line":224,"column":51}}]},"29":{"loc":{"start":{"line":229,"column":4},"end":{"line":239,"column":5}},"type":"if","locations":[{"start":{"line":229,"column":4},"end":{"line":239,"column":5}}]},"30":{"loc":{"start":{"line":229,"column":8},"end":{"line":229,"column":45}},"type":"binary-expr","locations":[{"start":{"line":229,"column":8},"end":{"line":229,"column":31}},{"start":{"line":229,"column":35},"end":{"line":229,"column":45}}]},"31":{"loc":{"start":{"line":245,"column":4},"end":{"line":289,"column":5}},"type":"if","locations":[{"start":{"line":245,"column":4},"end":{"line":289,"column":5}}]},"32":{"loc":{"start":{"line":245,"column":8},"end":{"line":245,"column":49}},"type":"binary-expr","locations":[{"start":{"line":245,"column":8},"end":{"line":245,"column":33}},{"start":{"line":245,"column":37},"end":{"line":245,"column":49}}]},"33":{"loc":{"start":{"line":257,"column":10},"end":{"line":259,"column":11}},"type":"if","locations":[{"start":{"line":257,"column":10},"end":{"line":259,"column":11}}]},"34":{"loc":{"start":{"line":270,"column":10},"end":{"line":272,"column":11}},"type":"if","locations":[{"start":{"line":270,"column":10},"end":{"line":272,"column":11}}]},"35":{"loc":{"start":{"line":286,"column":10},"end":{"line":286,"column":116}},"type":"binary-expr","locations":[{"start":{"line":286,"column":10},"end":{"line":286,"column":21}},{"start":{"line":286,"column":25},"end":{"line":286,"column":116}}]},"36":{"loc":{"start":{"line":313,"column":2},"end":{"line":319,"column":3}},"type":"if","locations":[{"start":{"line":313,"column":2},"end":{"line":319,"column":3}}]},"37":{"loc":{"start":{"line":317,"column":9},"end":{"line":317,"column":57}},"type":"cond-expr","locations":[{"start":{"line":317,"column":35},"end":{"line":317,"column":52}},{"start":{"line":317,"column":55},"end":{"line":317,"column":57}}]},"38":{"loc":{"start":{"line":354,"column":4},"end":{"line":358,"column":5}},"type":"if","locations":[{"start":{"line":354,"column":4},"end":{"line":358,"column":5}},{"start":{"line":356,"column":11},"end":{"line":358,"column":5}}]},"39":{"loc":{"start":{"line":366,"column":41},"end":{"line":366,"column":82}},"type":"cond-expr","locations":[{"start":{"line":366,"column":60},"end":{"line":366,"column":69}},{"start":{"line":366,"column":72},"end":{"line":366,"column":82}}]},"40":{"loc":{"start":{"line":367,"column":41},"end":{"line":367,"column":99}},"type":"cond-expr","locations":[{"start":{"line":367,"column":73},"end":{"line":367,"column":78}},{"start":{"line":367,"column":81},"end":{"line":367,"column":99}}]}},"s":{"0":0,"1":0,"2":0,"3":0,"4":0,"5":0,"6":0,"7":0,"8":0,"9":0,"10":0,"11":0,"12":0,"13":0,"14":0,"15":0,"16":0,"17":0,"18":0,"19":0,"20":0,"21":0,"22":0,"23":0,"24":0,"25":0,"26":0,"27":0,"28":0,"29":0,"30":0,"31":0,"32":0,"33":0,"34":0,"35":0,"36":0,"37":0,"38":0,"39":0,"40":0,"41":0,"42":0,"43":0,"44":0,"45":0,"46":0,"47":0,"48":0,"49":0,"50":0,"51":0,"52":0,"53":0,"54":0,"55":0,"56":0,"57":0,"58":0,"59":0,"60":0,"61":0,"62":0,"63":0,"64":0,"65":0,"66":0,"67":0,"68":0,"69":0,"70":0,"71":0,"72":0,"73":0,"74":0,"75":0,"76":0,"77":0,"78":0,"79":0,"80":0,"81":0,"82":0,"83":0,"84":0,"85":0,"86":0,"87":0,"88":0,"89":0,"90":0,"91":0,"92":0,"93":0,"94":0,"95":0,"96":0,"97":0,"98":0,"99":0,"100":0,"101":0,"102":0,"103":0,"104":0,"105":0,"106":0,"107":0,"108":0,"109":0,"110":0,"111":0,"112":0,"113":0,"114":0,"115":0,"116":0,"117":0,"118":0,"119":0,"120":0,"121":0,"122":0,"123":0,"124":0,"125":0,"126":0,"127":0,"128":0,"129":0,"130":0,"131":0,"132":0,"133":0,"134":0,"135":0,"136":0,"137":0,"138":0},"f":{"0":0,"1":0,"2":0,"3":0,"4":0,"5":0,"6":0,"7":0,"8":0,"9":0,"10":0,"11":0,"12":0,"13":0},"b":{"0":[0],"1":[0],"2":[0,0],"3":[0],"4":[0,0],"5":[0,0],"6":[0,0],"7":[0],"8":[0,0],"9":[0,0],"10":[0],"11":[0],"12":[0,0],"13":[0],"14":[0],"15":[0,0],"16":[0],"17":[0,0],"18":[0],"19":[0],"20":[0,0],"21":[0],"22":[0,0],"23":[0,0],"24":[0],"25":[0,0],"26":[0,0],"27":[0,0],"28":[0,0],"29":[0],"30":[0,0],"31":[0],"32":[0,0],"33":[0],"34":[0],"35":[0,0],"36":[0],"37":[0,0],"38":[0,0],"39":[0,0],"40":[0,0]}}
,"/home/yosef/Desktop/import-pilot/src/cli/wizardUtils.ts": {"path":"/home/yosef/Desktop/import-pilot/src/cli/wizardUtils.ts","statementMap":{"0":{"start":{"line":14,"column":23},"end":{"line":24,"column":2}},"1":{"start":{"line":26,"column":20},"end":{"line":26,"column":71}},"2":{"start":{"line":29,"column":16},"end":{"line":33,"column":4}},"3":{"start":{"line":35,"column":15},"end":{"line":35,"column":32}},"4":{"start":{"line":36,"column":2},"end":{"line":39,"column":3}},"5":{"start":{"line":37,"column":16},"end":{"line":37,"column":45}},"6":{"start":{"line":38,"column":4},"end":{"line":38,"column":27}},"7":{"start":{"line":38,"column":13},"end":{"line":38,"column":27}},"8":{"start":{"line":40,"column":2},"end":{"line":40,"column":26}},"9":{"start":{"line":44,"column":2},"end":{"line":49,"column":3}},"10":{"start":{"line":45,"column":16},"end":{"line":45,"column":80}},"11":{"start":{"line":46,"column":4},"end":{"line":46,"column":27}},"12":{"start":{"line":48,"column":4},"end":{"line":48,"column":16}},"13":{"start":{"line":53,"column":14},"end":{"line":53,"column":46}},"14":{"start":{"line":54,"column":19},"end":{"line":54,"column":49}},"15":{"start":{"line":56,"column":18},"end":{"line":56,"column":23}},"16":{"start":{"line":57,"column":2},"end":{"line":62,"column":3}},"17":{"start":{"line":58,"column":4},"end":{"line":58,"column":30}},"18":{"start":{"line":59,"column":4},"end":{"line":59,"column":21}},"19":{"start":{"line":64,"column":17},"end":{"line":64,"column":76}},"20":{"start":{"line":65,"column":20},"end":{"line":65,"column":39}},"21":{"start":{"line":67,"column":21},"end":{"line":67,"column":26}},"22":{"start":{"line":68,"column":2},"end":{"line":75,"column":3}},"23":{"start":{"line":69,"column":4},"end":{"line":74,"column":5}},"24":{"start":{"line":70,"column":6},"end":{"line":70,"column":57}},"25":{"start":{"line":71,"column":6},"end":{"line":71,"column":26}},"26":{"start":{"line":77,"column":2},"end":{"line":77,"column":37}},"27":{"start":{"line":86,"column":2},"end":{"line":93,"column":4}},"28":{"start":{"line":97,"column":2},"end":{"line":102,"column":3}},"29":{"start":{"line":98,"column":16},"end":{"line":98,"column":54}},"30":{"start":{"line":99,"column":4},"end":{"line":99,"column":47}},"31":{"start":{"line":101,"column":4},"end":{"line":101,"column":16}}},"fnMap":{"0":{"name":"detectFileExtensions","decl":{"start":{"line":28,"column":22},"end":{"line":28,"column":42}},"loc":{"start":{"line":28,"column":60},"end":{"line":41,"column":1}}},"1":{"name":"readPackageJson","decl":{"start":{"line":43,"column":22},"end":{"line":43,"column":37}},"loc":{"start":{"line":43,"column":55},"end":{"line":50,"column":1}}},"2":{"name":"detectHusky","decl":{"start":{"line":52,"column":22},"end":{"line":52,"column":33}},"loc":{"start":{"line":52,"column":51},"end":{"line":78,"column":1}}},"3":{"name":"generateConfig","decl":{"start":{"line":80,"column":16},"end":{"line":80,"column":30}},"loc":{"start":{"line":85,"column":1},"end":{"line":94,"column":1}}},"4":{"name":"loadConfigFile","decl":{"start":{"line":96,"column":22},"end":{"line":96,"column":36}},"loc":{"start":{"line":96,"column":55},"end":{"line":103,"column":1}}}},"branchMap":{"0":{"loc":{"start":{"line":38,"column":4},"end":{"line":38,"column":27}},"type":"if","locations":[{"start":{"line":38,"column":4},"end":{"line":38,"column":27}}]},"1":{"loc":{"start":{"line":64,"column":20},"end":{"line":64,"column":75}},"type":"binary-expr","locations":[{"start":{"line":64,"column":20},"end":{"line":64,"column":47}},{"start":{"line":64,"column":51},"end":{"line":64,"column":75}}]},"2":{"loc":{"start":{"line":65,"column":20},"end":{"line":65,"column":39}},"type":"binary-expr","locations":[{"start":{"line":65,"column":20},"end":{"line":65,"column":29}},{"start":{"line":65,"column":33},"end":{"line":65,"column":39}}]},"3":{"loc":{"start":{"line":68,"column":2},"end":{"line":75,"column":3}},"type":"if","locations":[{"start":{"line":68,"column":2},"end":{"line":75,"column":3}}]},"4":{"loc":{"start":{"line":92,"column":12},"end":{"line":92,"column":36}},"type":"binary-expr","locations":[{"start":{"line":92,"column":12},"end":{"line":92,"column":26}},{"start":{"line":92,"column":30},"end":{"line":92,"column":36}}]}},"s":{"0":0,"1":0,"2":0,"3":0,"4":0,"5":0,"6":0,"7":0,"8":0,"9":0,"10":0,"11":0,"12":0,"13":0,"14":0,"15":0,"16":0,"17":0,"18":0,"19":0,"20":0,"21":0,"22":0,"23":0,"24":0,"25":0,"26":0,"27":0,"28":0,"29":0,"30":0,"31":0},"f":{"0":0,"1":0,"2":0,"3":0,"4":0},"b":{"0":[0],"1":[0,0],"2":[0,0],"3":[0],"4":[0,0]}}
,"/home/yosef/Desktop/import-pilot/src/constants/jstsKeywords.ts": {"path":"/home/yosef/Desktop/import-pilot/src/constants/jstsKeywords.ts","statementMap":{"0":{"start":{"line":6,"column":13},"end":{"line":26,"column":3}},"1":{"start":{"line":28,"column":13},"end":{"line":35,"column":3}}},"fnMap":{},"branchMap":{},"s":{"0":1,"1":1},"f":{},"b":{}}
,"/home/yosef/Desktop/import-pilot/src/detector/languageDetector.ts": {"path":"/home/yosef/Desktop/import-pilot/src/detector/languageDetector.ts","statementMap":{"0":{"start":{"line":5,"column":79},"end":{"line":32,"column":2}},"1":{"start":{"line":35,"column":2},"end":{"line":40,"column":3}},"2":{"start":{"line":36,"column":4},"end":{"line":36,"column":30}},"3":{"start":{"line":37,"column":4},"end":{"line":37,"column":16}},"4":{"start":{"line":39,"column":4},"end":{"line":39,"column":17}},"5":{"start":{"line":44,"column":18},"end":{"line":49,"column":4}},"6":{"start":{"line":50,"column":2},"end":{"line":50,"column":28}},"7":{"start":{"line":59,"column":23},"end":{"line":59,"column":48}},"8":{"start":{"line":60,"column":29},"end":{"line":60,"column":46}},"9":{"start":{"line":62,"column":2},"end":{"line":72,"column":3}},"10":{"start":{"line":63,"column":18},"end":{"line":65,"column":60}},"11":{"start":{"line":67,"column":4},"end":{"line":71,"column":5}},"12":{"start":{"line":68,"column":6},"end":{"line":70,"column":7}},"13":{"start":{"line":69,"column":8},"end":{"line":69,"column":36}},"14":{"start":{"line":74,"column":2},"end":{"line":74,"column":40}}},"fnMap":{"0":{"name":"fileExists","decl":{"start":{"line":34,"column":15},"end":{"line":34,"column":25}},"loc":{"start":{"line":34,"column":42},"end":{"line":41,"column":1}}},"1":{"name":"hasFilesMatching","decl":{"start":{"line":43,"column":15},"end":{"line":43,"column":31}},"loc":{"start":{"line":43,"column":68},"end":{"line":51,"column":1}}},"2":{"name":"detectProjectLanguages","decl":{"start":{"line":58,"column":22},"end":{"line":58,"column":44}},"loc":{"start":{"line":58,"column":64},"end":{"line":75,"column":1}}}},"branchMap":{"0":{"loc":{"start":{"line":63,"column":18},"end":{"line":65,"column":60}},"type":"cond-expr","locations":[{"start":{"line":64,"column":8},"end":{"line":64,"column":55}},{"start":{"line":65,"column":8},"end":{"line":65,"column":60}}]},"1":{"loc":{"start":{"line":67,"column":4},"end":{"line":71,"column":5}},"type":"if","locations":[{"start":{"line":67,"column":4},"end":{"line":71,"column":5}}]}},"s":{"0":0,"1":0,"2":0,"3":0,"4":0,"5":0,"6":0,"7":0,"8":0,"9":0,"10":0,"11":0,"12":0,"13":0,"14":0},"f":{"0":0,"1":0,"2":0},"b":{"0":[0,0],"1":[0]}}
,"/home/yosef/Desktop/import-pilot/src/parser/astParser.ts": {"path":"/home/yosef/Desktop/import-pilot/src/parser/astParser.ts","statementMap":{"0":{"start":{"line":1,"column":0},"end":{"line":1,"column":75}},"1":{"start":{"line":28,"column":28},"end":{"line":28,"column":54}},"2":{"start":{"line":29,"column":28},"end":{"line":29,"column":61}},"3":{"start":{"line":30,"column":26},"end":{"line":30,"column":64}},"4":{"start":{"line":33,"column":27},"end":{"line":38,"column":46}},"5":{"start":{"line":34,"column":19},"end":{"line":34,"column":26}},"6":{"start":{"line":35,"column":37},"end":{"line":35,"column":65}},"7":{"start":{"line":36,"column":24},"end":{"line":36,"column":48}},"8":{"start":{"line":37,"column":24},"end":{"line":37,"column":45}},"9":{"start":{"line":38,"column":24},"end":{"line":38,"column":45}},"10":{"start":{"line":40,"column":4},"end":{"line":44,"column":6}},"11":{"start":{"line":48,"column":39},"end":{"line":48,"column":41}},"12":{"start":{"line":51,"column":29},"end":{"line":51,"column":88}},"13":{"start":{"line":54,"column":4},"end":{"line":65,"column":5}},"14":{"start":{"line":55,"column":26},"end":{"line":58,"column":36}},"15":{"start":{"line":57,"column":20},"end":{"line":57,"column":28}},"16":{"start":{"line":58,"column":23},"end":{"line":58,"column":35}},"17":{"start":{"line":60,"column":6},"end":{"line":64,"column":9}},"18":{"start":{"line":68,"column":31},"end":{"line":68,"column":84}},"19":{"start":{"line":69,"column":4},"end":{"line":78,"column":5}},"20":{"start":{"line":71,"column":6},"end":{"line":77,"column":7}},"21":{"start":{"line":72,"column":8},"end":{"line":76,"column":11}},"22":{"start":{"line":81,"column":33},"end":{"line":81,"column":96}},"23":{"start":{"line":82,"column":4},"end":{"line":88,"column":5}},"24":{"start":{"line":83,"column":6},"end":{"line":87,"column":9}},"25":{"start":{"line":92,"column":31},"end":{"line":92,"column":82}},"26":{"start":{"line":93,"column":4},"end":{"line":98,"column":5}},"27":{"start":{"line":94,"column":6},"end":{"line":97,"column":9}},"28":{"start":{"line":99,"column":4},"end":{"line":99,"column":19}},"29":{"start":{"line":103,"column":42},"end":{"line":103,"column":44}},"30":{"start":{"line":104,"column":18},"end":{"line":104,"column":37}},"31":{"start":{"line":108,"column":30},"end":{"line":108,"column":53}},"32":{"start":{"line":109,"column":30},"end":{"line":109,"column":68}},"33":{"start":{"line":110,"column":27},"end":{"line":110,"column":41}},"34":{"start":{"line":112,"column":4},"end":{"line":160,"column":7}},"35":{"start":{"line":114,"column":6},"end":{"line":121,"column":7}},"36":{"start":{"line":120,"column":8},"end":{"line":120,"column":15}},"37":{"start":{"line":125,"column":6},"end":{"line":131,"column":7}},"38":{"start":{"line":126,"column":8},"end":{"line":130,"column":11}},"39":{"start":{"line":135,"column":6},"end":{"line":141,"column":7}},"40":{"start":{"line":136,"column":8},"end":{"line":140,"column":11}},"41":{"start":{"line":144,"column":30},"end":{"line":144,"column":32}},"42":{"start":{"line":145,"column":6},"end":{"line":157,"column":7}},"43":{"start":{"line":146,"column":21},"end":{"line":146,"column":29}},"44":{"start":{"line":147,"column":27},"end":{"line":147,"column":72}},"45":{"start":{"line":150,"column":8},"end":{"line":156,"column":9}},"46":{"start":{"line":151,"column":10},"end":{"line":155,"column":13}},"47":{"start":{"line":159,"column":6},"end":{"line":159,"column":43}},"48":{"start":{"line":162,"column":4},"end":{"line":162,"column":23}},"49":{"start":{"line":166,"column":18},"end":{"line":166,"column":35}},"50":{"start":{"line":167,"column":4},"end":{"line":169,"column":7}},"51":{"start":{"line":168,"column":6},"end":{"line":168,"column":53}},"52":{"start":{"line":168,"column":36},"end":{"line":168,"column":51}},"53":{"start":{"line":170,"column":4},"end":{"line":170,"column":17}},"54":{"start":{"line":174,"column":4},"end":{"line":174,"column":35}},"55":{"start":{"line":178,"column":4},"end":{"line":178,"column":35}},"56":{"start":{"line":182,"column":26},"end":{"line":200,"column":6}},"57":{"start":{"line":201,"column":4},"end":{"line":201,"column":40}},"58":{"start":{"line":22,"column":0},"end":{"line":22,"column":13}}},"fnMap":{"0":{"name":"(anonymous_0)","decl":{"start":{"line":27,"column":2},"end":{"line":27,"column":7}},"loc":{"start":{"line":27,"column":23},"end":{"line":45,"column":3}}},"1":{"name":"(anonymous_1)","decl":{"start":{"line":34,"column":11},"end":{"line":34,"column":12}},"loc":{"start":{"line":34,"column":19},"end":{"line":34,"column":26}}},"2":{"name":"(anonymous_2)","decl":{"start":{"line":35,"column":14},"end":{"line":35,"column":15}},"loc":{"start":{"line":35,"column":37},"end":{"line":35,"column":65}}},"3":{"name":"(anonymous_3)","decl":{"start":{"line":36,"column":14},"end":{"line":36,"column":15}},"loc":{"start":{"line":36,"column":24},"end":{"line":36,"column":48}}},"4":{"name":"(anonymous_4)","decl":{"start":{"line":37,"column":14},"end":{"line":37,"column":15}},"loc":{"start":{"line":37,"column":24},"end":{"line":37,"column":45}}},"5":{"name":"(anonymous_5)","decl":{"start":{"line":38,"column":14},"end":{"line":38,"column":15}},"loc":{"start":{"line":38,"column":24},"end":{"line":38,"column":45}}},"6":{"name":"(anonymous_6)","decl":{"start":{"line":47,"column":10},"end":{"line":47,"column":22}},"loc":{"start":{"line":47,"column":38},"end":{"line":100,"column":3}}},"7":{"name":"(anonymous_7)","decl":{"start":{"line":57,"column":13},"end":{"line":57,"column":14}},"loc":{"start":{"line":57,"column":20},"end":{"line":57,"column":28}}},"8":{"name":"(anonymous_8)","decl":{"start":{"line":58,"column":16},"end":{"line":58,"column":17}},"loc":{"start":{"line":58,"column":23},"end":{"line":58,"column":35}}},"9":{"name":"(anonymous_9)","decl":{"start":{"line":102,"column":10},"end":{"line":102,"column":29}},"loc":{"start":{"line":102,"column":45},"end":{"line":163,"column":3}}},"10":{"name":"(anonymous_10)","decl":{"start":{"line":112,"column":18},"end":{"line":112,"column":19}},"loc":{"start":{"line":112,"column":38},"end":{"line":160,"column":5}}},"11":{"name":"(anonymous_11)","decl":{"start":{"line":165,"column":10},"end":{"line":165,"column":26}},"loc":{"start":{"line":165,"column":53},"end":{"line":171,"column":3}}},"12":{"name":"(anonymous_12)","decl":{"start":{"line":167,"column":20},"end":{"line":167,"column":21}},"loc":{"start":{"line":167,"column":28},"end":{"line":169,"column":5}}},"13":{"name":"(anonymous_13)","decl":{"start":{"line":168,"column":26},"end":{"line":168,"column":27}},"loc":{"start":{"line":168,"column":36},"end":{"line":168,"column":51}}},"14":{"name":"(anonymous_14)","decl":{"start":{"line":173,"column":10},"end":{"line":173,"column":19}},"loc":{"start":{"line":173,"column":32},"end":{"line":175,"column":3}}},"15":{"name":"(anonymous_15)","decl":{"start":{"line":177,"column":10},"end":{"line":177,"column":19}},"loc":{"start":{"line":177,"column":32},"end":{"line":179,"column":3}}},"16":{"name":"(anonymous_16)","decl":{"start":{"line":181,"column":10},"end":{"line":181,"column":24}},"loc":{"start":{"line":181,"column":37},"end":{"line":202,"column":3}}}},"branchMap":{"0":{"loc":{"start":{"line":71,"column":6},"end":{"line":77,"column":7}},"type":"if","locations":[{"start":{"line":71,"column":6},"end":{"line":77,"column":7}}]},"1":{"loc":{"start":{"line":114,"column":6},"end":{"line":121,"column":7}},"type":"if","locations":[{"start":{"line":114,"column":6},"end":{"line":121,"column":7}}]},"2":{"loc":{"start":{"line":115,"column":8},"end":{"line":118,"column":36}},"type":"binary-expr","locations":[{"start":{"line":115,"column":8},"end":{"line":115,"column":41}},{"start":{"line":116,"column":8},"end":{"line":116,"column":41}},{"start":{"line":117,"column":8},"end":{"line":117,"column":36}},{"start":{"line":118,"column":8},"end":{"line":118,"column":36}}]},"3":{"loc":{"start":{"line":147,"column":27},"end":{"line":147,"column":72}},"type":"cond-expr","locations":[{"start":{"line":147,"column":45},"end":{"line":147,"column":66}},{"start":{"line":147,"column":69},"end":{"line":147,"column":72}}]},"4":{"loc":{"start":{"line":150,"column":8},"end":{"line":156,"column":9}},"type":"if","locations":[{"start":{"line":150,"column":8},"end":{"line":156,"column":9}}]},"5":{"loc":{"start":{"line":150,"column":12},"end":{"line":150,"column":60}},"type":"binary-expr","locations":[{"start":{"line":150,"column":12},"end":{"line":150,"column":30}},{"start":{"line":150,"column":34},"end":{"line":150,"column":60}}]}},"s":{"0":1,"1":0,"2":0,"3":0,"4":0,"5":0,"6":0,"7":0,"8":0,"9":0,"10":0,"11":0,"12":0,"13":0,"14":0,"15":0,"16":0,"17":0,"18":0,"19":0,"20":0,"21":0,"22":0,"23":0,"24":0,"25":0,"26":0,"27":0,"28":0,"29":0,"30":0,"31":0,"32":0,"33":0,"34":0,"35":0,"36":0,"37":0,"38":0,"39":0,"40":0,"41":0,"42":0,"43":0,"44":0,"45":0,"46":0,"47":0,"48":0,"49":0,"50":0,"51":0,"52":0,"53":0,"54":0,"55":0,"56":0,"57":0,"58":1},"f":{"0":0,"1":0,"2":0,"3":0,"4":0,"5":0,"6":0,"7":0,"8":0,"9":0,"10":0,"11":0,"12":0,"13":0,"14":0,"15":0,"16":0},"b":{"0":[0],"1":[0],"2":[0,0,0,0],"3":[0,0],"4":[0],"5":[0,0]}}
,"/home/yosef/Desktop/import-pilot/src/parser/frameworkParser.ts": {"path":"/home/yosef/Desktop/import-pilot/src/parser/frameworkParser.ts","statementMap":{"0":{"start":{"line":19,"column":22},"end":{"line":19,"column":47}},"1":{"start":{"line":21,"column":4},"end":{"line":28,"column":5}},"2":{"start":{"line":22,"column":6},"end":{"line":27,"column":8}},"3":{"start":{"line":30,"column":23},"end":{"line":30,"column":68}},"4":{"start":{"line":32,"column":4},"end":{"line":36,"column":6}},"5":{"start":{"line":40,"column":4},"end":{"line":49,"column":5}},"6":{"start":{"line":42,"column":8},"end":{"line":42,"column":21}},"7":{"start":{"line":44,"column":8},"end":{"line":44,"column":24}},"8":{"start":{"line":46,"column":8},"end":{"line":46,"column":23}},"9":{"start":{"line":48,"column":8},"end":{"line":48,"column":20}},"10":{"start":{"line":56,"column":4},"end":{"line":63,"column":5}},"11":{"start":{"line":58,"column":8},"end":{"line":58,"column":46}},"12":{"start":{"line":60,"column":8},"end":{"line":60,"column":49}},"13":{"start":{"line":62,"column":8},"end":{"line":62,"column":48}},"14":{"start":{"line":78,"column":24},"end":{"line":78,"column":61}},"15":{"start":{"line":79,"column":37},"end":{"line":79,"column":39}},"16":{"start":{"line":80,"column":25},"end":{"line":80,"column":26}},"17":{"start":{"line":81,"column":23},"end":{"line":81,"column":24}},"18":{"start":{"line":82,"column":21},"end":{"line":82,"column":26}},"19":{"start":{"line":83,"column":21},"end":{"line":83,"column":26}},"20":{"start":{"line":86,"column":4},"end":{"line":106,"column":5}},"21":{"start":{"line":87,"column":22},"end":{"line":87,"column":66}},"22":{"start":{"line":88,"column":25},"end":{"line":88,"column":33}},"23":{"start":{"line":89,"column":20},"end":{"line":89,"column":59}},"24":{"start":{"line":90,"column":18},"end":{"line":90,"column":43}},"25":{"start":{"line":92,"column":6},"end":{"line":92,"column":38}},"26":{"start":{"line":95,"column":6},"end":{"line":99,"column":7}},"27":{"start":{"line":96,"column":8},"end":{"line":96,"column":31}},"28":{"start":{"line":97,"column":8},"end":{"line":97,"column":27}},"29":{"start":{"line":98,"column":8},"end":{"line":98,"column":26}},"30":{"start":{"line":101,"column":6},"end":{"line":105,"column":7}},"31":{"start":{"line":102,"column":8},"end":{"line":102,"column":31}},"32":{"start":{"line":103,"column":8},"end":{"line":103,"column":27}},"33":{"start":{"line":104,"column":8},"end":{"line":104,"column":26}},"34":{"start":{"line":108,"column":4},"end":{"line":114,"column":5}},"35":{"start":{"line":109,"column":6},"end":{"line":113,"column":8}},"36":{"start":{"line":116,"column":4},"end":{"line":120,"column":6}},"37":{"start":{"line":136,"column":24},"end":{"line":136,"column":61}},"38":{"start":{"line":137,"column":37},"end":{"line":137,"column":39}},"39":{"start":{"line":138,"column":25},"end":{"line":138,"column":26}},"40":{"start":{"line":139,"column":23},"end":{"line":139,"column":24}},"41":{"start":{"line":140,"column":21},"end":{"line":140,"column":26}},"42":{"start":{"line":143,"column":4},"end":{"line":156,"column":5}},"43":{"start":{"line":144,"column":25},"end":{"line":144,"column":33}},"44":{"start":{"line":145,"column":20},"end":{"line":145,"column":59}},"45":{"start":{"line":146,"column":18},"end":{"line":146,"column":43}},"46":{"start":{"line":148,"column":6},"end":{"line":148,"column":38}},"47":{"start":{"line":151,"column":6},"end":{"line":155,"column":7}},"48":{"start":{"line":152,"column":8},"end":{"line":152,"column":31}},"49":{"start":{"line":153,"column":8},"end":{"line":153,"column":27}},"50":{"start":{"line":154,"column":8},"end":{"line":154,"column":26}},"51":{"start":{"line":158,"column":4},"end":{"line":164,"column":5}},"52":{"start":{"line":159,"column":6},"end":{"line":163,"column":8}},"53":{"start":{"line":166,"column":4},"end":{"line":170,"column":6}},"54":{"start":{"line":183,"column":29},"end":{"line":183,"column":56}},"55":{"start":{"line":184,"column":18},"end":{"line":184,"column":49}},"56":{"start":{"line":186,"column":4},"end":{"line":196,"column":5}},"57":{"start":{"line":187,"column":28},"end":{"line":187,"column":36}},"58":{"start":{"line":188,"column":26},"end":{"line":188,"column":42}},"59":{"start":{"line":189,"column":24},"end":{"line":189,"column":58}},"60":{"start":{"line":191,"column":6},"end":{"line":195,"column":8}},"61":{"start":{"line":199,"column":24},"end":{"line":199,"column":60}},"62":{"start":{"line":200,"column":24},"end":{"line":200,"column":50}},"63":{"start":{"line":202,"column":4},"end":{"line":212,"column":5}},"64":{"start":{"line":203,"column":28},"end":{"line":203,"column":42}},"65":{"start":{"line":204,"column":26},"end":{"line":204,"column":78}},"66":{"start":{"line":205,"column":24},"end":{"line":205,"column":58}},"67":{"start":{"line":207,"column":6},"end":{"line":211,"column":8}},"68":{"start":{"line":214,"column":4},"end":{"line":218,"column":6}},"69":{"start":{"line":225,"column":4},"end":{"line":227,"column":5}},"70":{"start":{"line":226,"column":6},"end":{"line":226,"column":29}},"71":{"start":{"line":229,"column":39},"end":{"line":229,"column":50}},"72":{"start":{"line":233,"column":26},"end":{"line":233,"column":82}},"73":{"start":{"line":236,"column":18},"end":{"line":236,"column":43}},"74":{"start":{"line":237,"column":25},"end":{"line":237,"column":27}},"75":{"start":{"line":238,"column":24},"end":{"line":238,"column":25}},"76":{"start":{"line":241,"column":4},"end":{"line":257,"column":5}},"77":{"start":{"line":241,"column":17},"end":{"line":241,"column":18}},"78":{"start":{"line":242,"column":26},"end":{"line":242,"column":41}},"79":{"start":{"line":243,"column":6},"end":{"line":251,"column":7}},"80":{"start":{"line":249,"column":8},"end":{"line":249,"column":30}},"81":{"start":{"line":250,"column":8},"end":{"line":250,"column":17}},"82":{"start":{"line":252,"column":6},"end":{"line":256,"column":7}},"83":{"start":{"line":253,"column":8},"end":{"line":253,"column":27}},"84":{"start":{"line":254,"column":13},"end":{"line":256,"column":7}},"85":{"start":{"line":255,"column":8},"end":{"line":255,"column":14}},"86":{"start":{"line":260,"column":24},"end":{"line":260,"column":80}},"87":{"start":{"line":261,"column":4},"end":{"line":261,"column":45}},"88":{"start":{"line":263,"column":29},"end":{"line":263,"column":45}},"89":{"start":{"line":266,"column":19},"end":{"line":266,"column":60}},"90":{"start":{"line":267,"column":18},"end":{"line":267,"column":54}},"91":{"start":{"line":269,"column":4},"end":{"line":269,"column":59}},"92":{"start":{"line":14,"column":0},"end":{"line":14,"column":13}}},"fnMap":{"0":{"name":"(anonymous_0)","decl":{"start":{"line":18,"column":2},"end":{"line":18,"column":20}},"loc":{"start":{"line":18,"column":49},"end":{"line":37,"column":3}}},"1":{"name":"(anonymous_1)","decl":{"start":{"line":39,"column":10},"end":{"line":39,"column":25}},"loc":{"start":{"line":39,"column":37},"end":{"line":50,"column":3}}},"2":{"name":"(anonymous_2)","decl":{"start":{"line":52,"column":10},"end":{"line":52,"column":30}},"loc":{"start":{"line":54,"column":41},"end":{"line":64,"column":3}}},"3":{"name":"(anonymous_3)","decl":{"start":{"line":72,"column":10},"end":{"line":72,"column":26}},"loc":{"start":{"line":72,"column":42},"end":{"line":121,"column":3}}},"4":{"name":"(anonymous_4)","decl":{"start":{"line":129,"column":10},"end":{"line":129,"column":29}},"loc":{"start":{"line":129,"column":45},"end":{"line":171,"column":3}}},"5":{"name":"(anonymous_5)","decl":{"start":{"line":177,"column":10},"end":{"line":177,"column":28}},"loc":{"start":{"line":177,"column":44},"end":{"line":219,"column":3}}},"6":{"name":"(anonymous_6)","decl":{"start":{"line":224,"column":2},"end":{"line":224,"column":28}},"loc":{"start":{"line":224,"column":106},"end":{"line":270,"column":3}}}},"branchMap":{"0":{"loc":{"start":{"line":21,"column":4},"end":{"line":28,"column":5}},"type":"if","locations":[{"start":{"line":21,"column":4},"end":{"line":28,"column":5}}]},"1":{"loc":{"start":{"line":40,"column":4},"end":{"line":49,"column":5}},"type":"switch","locations":[{"start":{"line":41,"column":6},"end":{"line":42,"column":21}},{"start":{"line":43,"column":6},"end":{"line":44,"column":24}},{"start":{"line":45,"column":6},"end":{"line":46,"column":23}},{"start":{"line":47,"column":6},"end":{"line":48,"column":20}}]},"2":{"loc":{"start":{"line":56,"column":4},"end":{"line":63,"column":5}},"type":"switch","locations":[{"start":{"line":57,"column":6},"end":{"line":58,"column":46}},{"start":{"line":59,"column":6},"end":{"line":60,"column":49}},{"start":{"line":61,"column":6},"end":{"line":62,"column":48}}]},"3":{"loc":{"start":{"line":95,"column":6},"end":{"line":99,"column":7}},"type":"if","locations":[{"start":{"line":95,"column":6},"end":{"line":99,"column":7}}]},"4":{"loc":{"start":{"line":101,"column":6},"end":{"line":105,"column":7}},"type":"if","locations":[{"start":{"line":101,"column":6},"end":{"line":105,"column":7}}]},"5":{"loc":{"start":{"line":101,"column":10},"end":{"line":101,"column":51}},"type":"binary-expr","locations":[{"start":{"line":101,"column":10},"end":{"line":101,"column":36}},{"start":{"line":101,"column":40},"end":{"line":101,"column":51}}]},"6":{"loc":{"start":{"line":108,"column":4},"end":{"line":114,"column":5}},"type":"if","locations":[{"start":{"line":108,"column":4},"end":{"line":114,"column":5}}]},"7":{"loc":{"start":{"line":151,"column":6},"end":{"line":155,"column":7}},"type":"if","locations":[{"start":{"line":151,"column":6},"end":{"line":155,"column":7}}]},"8":{"loc":{"start":{"line":158,"column":4},"end":{"line":164,"column":5}},"type":"if","locations":[{"start":{"line":158,"column":4},"end":{"line":164,"column":5}}]},"9":{"loc":{"start":{"line":186,"column":4},"end":{"line":196,"column":5}},"type":"if","locations":[{"start":{"line":186,"column":4},"end":{"line":196,"column":5}}]},"10":{"loc":{"start":{"line":202,"column":4},"end":{"line":212,"column":5}},"type":"if","locations":[{"start":{"line":202,"column":4},"end":{"line":212,"column":5}}]},"11":{"loc":{"start":{"line":225,"column":4},"end":{"line":227,"column":5}},"type":"if","locations":[{"start":{"line":225,"column":4},"end":{"line":227,"column":5}}]},"12":{"loc":{"start":{"line":225,"column":8},"end":{"line":225,"column":60}},"type":"binary-expr","locations":[{"start":{"line":225,"column":8},"end":{"line":225,"column":36}},{"start":{"line":225,"column":40},"end":{"line":225,"column":60}}]},"13":{"loc":{"start":{"line":243,"column":6},"end":{"line":251,"column":7}},"type":"if","locations":[{"start":{"line":243,"column":6},"end":{"line":251,"column":7}}]},"14":{"loc":{"start":{"line":244,"column":8},"end":{"line":247,"column":26}},"type":"binary-expr","locations":[{"start":{"line":244,"column":8},"end":{"line":244,"column":36}},{"start":{"line":245,"column":8},"end":{"line":245,"column":36}},{"start":{"line":246,"column":8},"end":{"line":246,"column":35}},{"start":{"line":247,"column":8},"end":{"line":247,"column":26}}]},"15":{"loc":{"start":{"line":252,"column":6},"end":{"line":256,"column":7}},"type":"if","locations":[{"start":{"line":252,"column":6},"end":{"line":256,"column":7}},{"start":{"line":254,"column":13},"end":{"line":256,"column":7}}]},"16":{"loc":{"start":{"line":254,"column":13},"end":{"line":256,"column":7}},"type":"if","locations":[{"start":{"line":254,"column":13},"end":{"line":256,"column":7}}]},"17":{"loc":{"start":{"line":254,"column":17},"end":{"line":254,"column":64}},"type":"binary-expr","locations":[{"start":{"line":254,"column":17},"end":{"line":254,"column":39}},{"start":{"line":254,"column":43},"end":{"line":254,"column":64}}]},"18":{"loc":{"start":{"line":260,"column":24},"end":{"line":260,"column":80}},"type":"cond-expr","locations":[{"start":{"line":260,"column":46},"end":{"line":260,"column":64}},{"start":{"line":260,"column":67},"end":{"line":260,"column":80}}]}},"s":{"0":0,"1":0,"2":0,"3":0,"4":0,"5":0,"6":0,"7":0,"8":0,"9":0,"10":0,"11":0,"12":0,"13":0,"14":0,"15":0,"16":0,"17":0,"18":0,"19":0,"20":0,"21":0,"22":0,"23":0,"24":0,"25":0,"26":0,"27":0,"28":0,"29":0,"30":0,"31":0,"32":0,"33":0,"34":0,"35":0,"36":0,"37":0,"38":0,"39":0,"40":0,"41":0,"42":0,"43":0,"44":0,"45":0,"46":0,"47":0,"48":0,"49":0,"50":0,"51":0,"52":0,"53":0,"54":0,"55":0,"56":0,"57":0,"58":0,"59":0,"60":0,"61":0,"62":0,"63":0,"64":0,"65":0,"66":0,"67":0,"68":0,"69":0,"70":0,"71":0,"72":0,"73":0,"74":0,"75":0,"76":0,"77":0,"78":0,"79":0,"80":0,"81":0,"82":0,"83":0,"84":0,"85":0,"86":0,"87":0,"88":0,"89":0,"90":0,"91":0,"92":1},"f":{"0":0,"1":0,"2":0,"3":0,"4":0,"5":0,"6":0},"b":{"0":[0],"1":[0,0,0,0],"2":[0,0,0],"3":[0],"4":[0],"5":[0,0],"6":[0],"7":[0],"8":[0],"9":[0],"10":[0],"11":[0],"12":[0,0],"13":[0],"14":[0,0,0,0],"15":[0,0],"16":[0],"17":[0,0],"18":[0,0]}}
[...]
column":21}},"11":{"start":{"line":67,"column":19},"end":{"line":67,"column":39}},"12":{"start":{"line":68,"column":2},"end":{"line":70,"column":3}},"13":{"start":{"line":69,"column":4},"end":{"line":69,"column":21}},"14":{"start":{"line":72,"column":2},"end":{"line":74,"column":3}},"15":{"start":{"line":73,"column":4},"end":{"line":73,"column":19}},"16":{"start":{"line":76,"column":2},"end":{"line":78,"column":3}},"17":{"start":{"line":77,"column":4},"end":{"line":77,"column":22}},"18":{"start":{"line":80,"column":2},"end":{"line":80,"column":20}},"19":{"start":{"line":84,"column":20},"end":{"line":84,"column":70}},"20":{"start":{"line":85,"column":22},"end":{"line":85,"column":68}},"21":{"start":{"line":86,"column":21},"end":{"line":86,"column":81}},"22":{"start":{"line":88,"column":2},"end":{"line":90,"column":3}},"23":{"start":{"line":89,"column":4},"end":{"line":89,"column":24}},"24":{"start":{"line":92,"column":2},"end":{"line":94,"column":3}},"25":{"start":{"line":93,"column":4},"end":{"line":93,"column":19}},"26":{"start":{"line":96,"column":19},"end":{"line":96,"column":43}},"27":{"start":{"line":97,"column":2},"end":{"line":99,"column":3}},"28":{"start":{"line":98,"column":4},"end":{"line":98,"column":20}},"29":{"start":{"line":101,"column":2},"end":{"line":101,"column":22}},"30":{"start":{"line":105,"column":2},"end":{"line":107,"column":3}},"31":{"start":{"line":106,"column":4},"end":{"line":106,"column":14}},"32":{"start":{"line":109,"column":19},"end":{"line":109,"column":40}},"33":{"start":{"line":111,"column":2},"end":{"line":113,"column":3}},"34":{"start":{"line":112,"column":4},"end":{"line":112,"column":49}},"35":{"start":{"line":114,"column":2},"end":{"line":114,"column":45}},"36":{"start":{"line":118,"column":48},"end":{"line":123,"column":4}},"37":{"start":{"line":125,"column":2},"end":{"line":128,"column":3}},"38":{"start":{"line":126,"column":18},"end":{"line":126,"column":41}},"39":{"start":{"line":127,"column":4},"end":{"line":127,"column":28}},"40":{"start":{"line":130,"column":2},"end":{"line":133,"column":3}},"41":{"start":{"line":132,"column":4},"end":{"line":132,"column":92}},"42":{"start":{"line":136,"column":23},"end":{"line":140,"column":3}},"43":{"start":{"line":137,"column":20},"end":{"line":137,"column":50}},"44":{"start":{"line":138,"column":20},"end":{"line":138,"column":50}},"45":{"start":{"line":139,"column":4},"end":{"line":139,"column":42}},"46":{"start":{"line":142,"column":2},"end":{"line":144,"column":3}},"47":{"start":{"line":143,"column":4},"end":{"line":143,"column":35}},"48":{"start":{"line":146,"column":2},"end":{"line":146,"column":90}},"49":{"start":{"line":150,"column":54},"end":{"line":154,"column":4}},"50":{"start":{"line":156,"column":2},"end":{"line":159,"column":3}},"51":{"start":{"line":157,"column":18},"end":{"line":157,"column":43}},"52":{"start":{"line":158,"column":4},"end":{"line":158,"column":28}},"53":{"start":{"line":161,"column":2},"end":{"line":164,"column":3}},"54":{"start":{"line":163,"column":4},"end":{"line":163,"column":76}},"55":{"start":{"line":167,"column":20},"end":{"line":167,"column":72}},"56":{"start":{"line":167,"column":54},"end":{"line":167,"column":72}},"57":{"start":{"line":169,"column":2},"end":{"line":171,"column":3}},"58":{"start":{"line":170,"column":4},"end":{"line":170,"column":32}},"59":{"start":{"line":173,"column":2},"end":{"line":173,"column":74}},"60":{"start":{"line":177,"column":27},"end":{"line":177,"column":29}},"61":{"start":{"line":178,"column":19},"end":{"line":178,"column":24}},"62":{"start":{"line":180,"column":2},"end":{"line":188,"column":3}},"63":{"start":{"line":181,"column":4},"end":{"line":181,"column":37}},"64":{"start":{"line":181,"column":28},"end":{"line":181,"column":37}},"65":{"start":{"line":183,"column":4},"end":{"line":185,"column":5}},"66":{"start":{"line":184,"column":6},"end":{"line":184,"column":22}},"67":{"start":{"line":186,"column":4},"end":{"line":186,"column":26}},"68":{"start":{"line":187,"column":4},"end":{"line":187,"column":22}},"69":{"start":{"line":190,"column":2},"end":{"line":190,"column":16}},"70":{"start":{"line":194,"column":18},"end":{"line":194,"column":66}},"71":{"start":{"line":195,"column":2},"end":{"line":195,"column":33}},"72":{"start":{"line":195,"column":15},"end":{"line":195,"column":33}},"73":{"start":{"line":197,"column":26},"end":{"line":197,"column":76}},"74":{"start":{"line":198,"column":2},"end":{"line":198,"column":49}},"75":{"start":{"line":198,"column":23},"end":{"line":198,"column":49}},"76":{"start":{"line":200,"column":22},"end":{"line":200,"column":72}},"77":{"start":{"line":201,"column":2},"end":{"line":201,"column":41}},"78":{"start":{"line":201,"column":19},"end":{"line":201,"column":41}},"79":{"start":{"line":203,"column":24},"end":{"line":203,"column":70}},"80":{"start":{"line":204,"column":2},"end":{"line":204,"column":45}},"81":{"start":{"line":204,"column":21},"end":{"line":204,"column":45}},"82":{"start":{"line":206,"column":2},"end":{"line":206,"column":25}},"83":{"start":{"line":215,"column":19},"end":{"line":215,"column":40}},"84":{"start":{"line":216,"column":26},"end":{"line":216,"column":75}},"85":{"start":{"line":218,"column":15},"end":{"line":218,"column":32}},"86":{"start":{"line":219,"column":31},"end":{"line":219,"column":33}},"87":{"start":{"line":221,"column":2},"end":{"line":227,"column":3}},"88":{"start":{"line":222,"column":23},"end":{"line":222,"column":33}},"89":{"start":{"line":223,"column":4},"end":{"line":226,"column":5}},"90":{"start":{"line":224,"column":6},"end":{"line":224,"column":27}},"91":{"start":{"line":225,"column":6},"end":{"line":225,"column":34}},"92":{"start":{"line":229,"column":2},"end":{"line":229,"column":54}},"93":{"start":{"line":233,"column":16},"end":{"line":233,"column":35}},"94":{"start":{"line":234,"column":28},"end":{"line":234,"column":30}},"95":{"start":{"line":236,"column":2},"end":{"line":285,"column":3}},"96":{"start":{"line":237,"column":22},"end":{"line":237,"column":27}},"97":{"start":{"line":238,"column":24},"end":{"line":238,"column":26}},"98":{"start":{"line":239,"column":4},"end":{"line":258,"column":5}},"99":{"start":{"line":240,"column":22},"end":{"line":240,"column":33}},"100":{"start":{"line":241,"column":6},"end":{"line":249,"column":7}},"101":{"start":{"line":242,"column":8},"end":{"line":242,"column":39}},"102":{"start":{"line":243,"column":8},"end":{"line":247,"column":9}},"103":{"start":{"line":244,"column":10},"end":{"line":244,"column":66}},"104":{"start":{"line":245,"column":10},"end":{"line":245,"column":30}},"105":{"start":{"line":246,"column":10},"end":{"line":246,"column":29}},"106":{"start":{"line":248,"column":8},"end":{"line":248,"column":17}},"107":{"start":{"line":250,"column":6},"end":{"line":254,"column":7}},"108":{"start":{"line":251,"column":8},"end":{"line":251,"column":27}},"109":{"start":{"line":252,"column":8},"end":{"line":252,"column":32}},"110":{"start":{"line":253,"column":8},"end":{"line":253,"column":17}},"111":{"start":{"line":255,"column":6},"end":{"line":257,"column":7}},"112":{"start":{"line":256,"column":8},"end":{"line":256,"column":30}},"113":{"start":{"line":260,"column":28},"end":{"line":260,"column":33}},"114":{"start":{"line":261,"column":24},"end":{"line":261,"column":26}},"115":{"start":{"line":263,"column":4},"end":{"line":284,"column":5}},"116":{"start":{"line":264,"column":22},"end":{"line":264,"column":33}},"117":{"start":{"line":266,"column":6},"end":{"line":274,"column":7}},"118":{"start":{"line":267,"column":8},"end":{"line":267,"column":39}},"119":{"start":{"line":268,"column":8},"end":{"line":272,"column":9}},"120":{"start":{"line":269,"column":10},"end":{"line":269,"column":66}},"121":{"start":{"line":270,"column":10},"end":{"line":270,"column":36}},"122":{"start":{"line":271,"column":10},"end":{"line":271,"column":29}},"123":{"start":{"line":273,"column":8},"end":{"line":273,"column":17}},"124":{"start":{"line":276,"column":6},"end":{"line":283,"column":7}},"125":{"start":{"line":277,"column":8},"end":{"line":282,"column":9}},"126":{"start":{"line":278,"column":10},"end":{"line":278,"column":32}},"127":{"start":{"line":280,"column":10},"end":{"line":280,"column":35}},"128":{"start":{"line":281,"column":10},"end":{"line":281,"column":34}},"129":{"start":{"line":287,"column":2},"end":{"line":287,"column":17}}},"fnMap":{"0":{"name":"classifyJsTsImport","decl":{"start":{"line":50,"column":16},"end":{"line":50,"column":34}},"loc":{"start":{"line":50,"column":58},"end":{"line":60,"column":1}}},"1":{"name":"classifyJsTsSource","decl":{"start":{"line":62,"column":9},"end":{"line":62,"column":27}},"loc":{"start":{"line":62,"column":42},"end":{"line":81,"column":1}}},"2":{"name":"classifyPythonImport","decl":{"start":{"line":83,"column":16},"end":{"line":83,"column":36}},"loc":{"start":{"line":83,"column":60},"end":{"line":102,"column":1}}},"3":{"name":"sortImports","decl":{"start":{"line":104,"column":16},"end":{"line":104,"column":27}},"loc":{"start":{"line":104,"column":92},"end":{"line":115,"column":1}}},"4":{"name":"sortJsTsImports","decl":{"start":{"line":117,"column":9},"end":{"line":117,"column":24}},"loc":{"start":{"line":117,"column":71},"end":{"line":147,"column":1}}},"5":{"name":"(anonymous_5)","decl":{"start":{"line":136,"column":23},"end":{"line":136,"column":24}},"loc":{"start":{"line":136,"column":56},"end":{"line":140,"column":3}}},"6":{"name":"sortPythonImports","decl":{"start":{"line":149,"column":9},"end":{"line":149,"column":26}},"loc":{"start":{"line":149,"column":73},"end":{"line":174,"column":1}}},"7":{"name":"(anonymous_7)","decl":{"start":{"line":167,"column":20},"end":{"line":167,"column":21}},"loc":{"start":{"line":167,"column":54},"end":{"line":167,"column":72}}},"8":{"name":"assembleGroups","decl":{"start":{"line":176,"column":9},"end":{"line":176,"column":23}},"loc":{"start":{"line":176,"column":42},"end":{"line":191,"column":1}}},"9":{"name":"extractSource","decl":{"start":{"line":193,"column":9},"end":{"line":193,"column":22}},"loc":{"start":{"line":193,"column":46},"end":{"line":207,"column":1}}},"10":{"name":"groupImportStatements","decl":{"start":{"line":209,"column":16},"end":{"line":209,"column":37}},"loc":{"start":{"line":213,"column":29},"end":{"line":230,"column":1}}},"11":{"name":"extractExistingImports","decl":{"start":{"line":232,"column":9},"end":{"line":232,"column":31}},"loc":{"start":{"line":232,"column":66},"end":{"line":288,"column":1}}}},"branchMap":{"0":{"loc":{"start":{"line":52,"column":2},"end":{"line":58,"column":3}},"type":"if","locations":[{"start":{"line":52,"column":2},"end":{"line":58,"column":3}}]},"1":{"loc":{"start":{"line":54,"column":4},"end":{"line":56,"column":5}},"type":"if","locations":[{"start":{"line":54,"column":4},"end":{"line":56,"column":5}}]},"2":{"loc":{"start":{"line":63,"column":2},"end":{"line":65,"column":3}},"type":"if","locations":[{"start":{"line":63,"column":2},"end":{"line":65,"column":3}}]},"3":{"loc":{"start":{"line":68,"column":2},"end":{"line":70,"column":3}},"type":"if","locations":[{"start":{"line":68,"column":2},"end":{"line":70,"column":3}}]},"4":{"loc":{"start":{"line":72,"column":2},"end":{"line":74,"column":3}},"type":"if","locations":[{"start":{"line":72,"column":2},"end":{"line":74,"column":3}}]},"5":{"loc":{"start":{"line":72,"column":6},"end":{"line":72,"column":82}},"type":"binary-expr","locations":[{"start":{"line":72,"column":6},"end":{"line":72,"column":29}},{"start":{"line":72,"column":33},"end":{"line":72,"column":56}},{"start":{"line":72,"column":60},"end":{"line":72,"column":82}}]},"6":{"loc":{"start":{"line":76,"column":2},"end":{"line":78,"column":3}},"type":"if","locations":[{"start":{"line":76,"column":2},"end":{"line":78,"column":3}}]},"7":{"loc":{"start":{"line":76,"column":6},"end":{"line":76,"column":75}},"type":"binary-expr","locations":[{"start":{"line":76,"column":6},"end":{"line":76,"column":29}},{"start":{"line":76,"column":33},"end":{"line":76,"column":57}},{"start":{"line":76,"column":61},"end":{"line":76,"column":75}}]},"8":{"loc":{"start":{"line":86,"column":21},"end":{"line":86,"column":81}},"type":"cond-expr","locations":[{"start":{"line":86,"column":33},"end":{"line":86,"column":45}},{"start":{"line":86,"column":48},"end":{"line":86,"column":81}}]},"9":{"loc":{"start":{"line":86,"column":48},"end":{"line":86,"column":81}},"type":"cond-expr","locations":[{"start":{"line":86,"column":62},"end":{"line":86,"column":76}},{"start":{"line":86,"column":79},"end":{"line":86,"column":81}}]},"10":{"loc":{"start":{"line":88,"column":2},"end":{"line":90,"column":3}},"type":"if","locations":[{"start":{"line":88,"column":2},"end":{"line":90,"column":3}}]},"11":{"loc":{"start":{"line":92,"column":2},"end":{"line":94,"column":3}},"type":"if","locations":[{"start":{"line":92,"column":2},"end":{"line":94,"column":3}}]},"12":{"loc":{"start":{"line":97,"column":2},"end":{"line":99,"column":3}},"type":"if","locations":[{"start":{"line":97,"column":2},"end":{"line":99,"column":3}}]},"13":{"loc":{"start":{"line":104,"column":65},"end":{"line":104,"column":92}},"type":"default-arg","locations":[{"start":{"line":104,"column":85},"end":{"line":104,"column":92}}]},"14":{"loc":{"start":{"line":105,"column":2},"end":{"line":107,"column":3}},"type":"if","locations":[{"start":{"line":105,"column":2},"end":{"line":107,"column":3}}]},"15":{"loc":{"start":{"line":111,"column":2},"end":{"line":113,"column":3}},"type":"if","locations":[{"start":{"line":111,"column":2},"end":{"line":113,"column":3}}]},"16":{"loc":{"start":{"line":117,"column":44},"end":{"line":117,"column":71}},"type":"default-arg","locations":[{"start":{"line":117,"column":64},"end":{"line":117,"column":71}}]},"17":{"loc":{"start":{"line":130,"column":2},"end":{"line":133,"column":3}},"type":"if","locations":[{"start":{"line":130,"column":2},"end":{"line":133,"column":3}}]},"18":{"loc":{"start":{"line":149,"column":46},"end":{"line":149,"column":73}},"type":"default-arg","locations":[{"start":{"line":149,"column":66},"end":{"line":149,"column":73}}]},"19":{"loc":{"start":{"line":161,"column":2},"end":{"line":164,"column":3}},"type":"if","locations":[{"start":{"line":161,"column":2},"end":{"line":164,"column":3}}]},"20":{"loc":{"start":{"line":181,"column":4},"end":{"line":181,"column":37}},"type":"if","locations":[{"start":{"line":181,"column":4},"end":{"line":181,"column":37}}]},"21":{"loc":{"start":{"line":183,"column":4},"end":{"line":185,"column":5}},"type":"if","locations":[{"start":{"line":183,"column":4},"end":{"line":185,"column":5}}]},"22":{"loc":{"start":{"line":195,"column":2},"end":{"line":195,"column":33}},"type":"if","locations":[{"start":{"line":195,"column":2},"end":{"line":195,"column":33}}]},"23":{"loc":{"start":{"line":198,"column":2},"end":{"line":198,"column":49}},"type":"if","locations":[{"start":{"line":198,"column":2},"end":{"line":198,"column":49}}]},"24":{"loc":{"start":{"line":201,"column":2},"end":{"line":201,"column":41}},"type":"if","locations":[{"start":{"line":201,"column":2},"end":{"line":201,"column":41}}]},"25":{"loc":{"start":{"line":204,"column":2},"end":{"line":204,"column":45}},"type":"if","locations":[{"start":{"line":204,"column":2},"end":{"line":204,"column":45}}]},"26":{"loc":{"start":{"line":213,"column":2},"end":{"line":213,"column":29}},"type":"default-arg","locations":[{"start":{"line":213,"column":22},"end":{"line":213,"column":29}}]},"27":{"loc":{"start":{"line":223,"column":4},"end":{"line":226,"column":5}},"type":"if","locations":[{"start":{"line":223,"column":4},"end":{"line":226,"column":5}}]},"28":{"loc":{"start":{"line":223,"column":8},"end":{"line":223,"column":43}},"type":"binary-expr","locations":[{"start":{"line":223,"column":8},"end":{"line":223,"column":18}},{"start":{"line":223,"column":22},"end":{"line":223,"column":43}}]},"29":{"loc":{"start":{"line":236,"column":2},"end":{"line":285,"column":3}},"type":"if","locations":[{"start":{"line":236,"column":2},"end":{"line":285,"column":3}},{"start":{"line":259,"column":9},"end":{"line":285,"column":3}}]},"30":{"loc":{"start":{"line":241,"column":6},"end":{"line":249,"column":7}},"type":"if","locations":[{"start":{"line":241,"column":6},"end":{"line":249,"column":7}}]},"31":{"loc":{"start":{"line":243,"column":8},"end":{"line":247,"column":9}},"type":"if","locations":[{"start":{"line":243,"column":8},"end":{"line":247,"column":9}}]},"32":{"loc":{"start":{"line":250,"column":6},"end":{"line":254,"column":7}},"type":"if","locations":[{"start":{"line":250,"column":6},"end":{"line":254,"column":7}}]},"33":{"loc":{"start":{"line":250,"column":10},"end":{"line":250,"column":123}},"type":"binary-expr","locations":[{"start":{"line":250,"column":11},"end":{"line":250,"column":38}},{"start":{"line":250,"column":42},"end":{"line":250,"column":71}},{"start":{"line":250,"column":76},"end":{"line":250,"column":97}},{"start":{"line":250,"column":101},"end":{"line":250,"column":123}}]},"34":{"loc":{"start":{"line":255,"column":6},"end":{"line":257,"column":7}},"type":"if","locations":[{"start":{"line":255,"column":6},"end":{"line":257,"column":7}}]},"35":{"loc":{"start":{"line":255,"column":10},"end":{"line":255,"column":70}},"type":"binary-expr","locations":[{"start":{"line":255,"column":10},"end":{"line":255,"column":39}},{"start":{"line":255,"column":43},"end":{"line":255,"column":70}}]},"36":{"loc":{"start":{"line":266,"column":6},"end":{"line":274,"column":7}},"type":"if","locations":[{"start":{"line":266,"column":6},"end":{"line":274,"column":7}}]},"37":{"loc":{"start":{"line":268,"column":8},"end":{"line":272,"column":9}},"type":"if","locations":[{"start":{"line":268,"column":8},"end":{"line":272,"column":9}}]},"38":{"loc":{"start":{"line":268,"column":12},"end":{"line":268,"column":65}},"type":"binary-expr","locations":[{"start":{"line":268,"column":12},"end":{"line":268,"column":33}},{"start":{"line":268,"column":37},"end":{"line":268,"column":65}}]},"39":{"loc":{"start":{"line":276,"column":6},"end":{"line":283,"column":7}},"type":"if","locations":[{"start":{"line":276,"column":6},"end":{"line":283,"column":7}}]},"40":{"loc":{"start":{"line":277,"column":8},"end":{"line":282,"column":9}},"type":"if","locations":[{"start":{"line":277,"column":8},"end":{"line":282,"column":9}},{"start":{"line":279,"column":15},"end":{"line":282,"column":9}}]},"41":{"loc":{"start":{"line":277,"column":12},"end":{"line":277,"column":74}},"type":"binary-expr","locations":[{"start":{"line":277,"column":12},"end":{"line":277,"column":40}},{"start":{"line":277,"column":44},"end":{"line":277,"column":74}}]}},"s":{"0":0,"1":0,"2":0,"3":0,"4":0,"5":0,"6":0,"7":0,"8":0,"9":0,"10":0,"11":0,"12":0,"13":0,"14":0,"15":0,"16":0,"17":0,"18":0,"19":0,"20":0,"21":0,"22":0,"23":0,"24":0,"25":0,"26":0,"27":0,"28":0,"29":0,"30":0,"31":0,"32":0,"33":0,"34":0,"35":0,"36":0,"37":0,"38":0,"39":0,"40":0,"41":0,"42":0,"43":0,"44":0,"45":0,"46":0,"47":0,"48":0,"49":0,"50":0,"51":0,"52":0,"53":0,"54":0,"55":0,"56":0,"57":0,"58":0,"59":0,"60":0,"61":0,"62":0,"63":0,"64":0,"65":0,"66":0,"67":0,"68":0,"69":0,"70":0,"71":0,"72":0,"73":0,"74":0,"75":0,"76":0,"77":0,"78":0,"79":0,"80":0,"81":0,"82":0,"83":0,"84":0,"85":0,"86":0,"87":0,"88":0,"89":0,"90":0,"91":0,"92":0,"93":0,"94":0,"95":0,"96":0,"97":0,"98":0,"99":0,"100":0,"101":0,"102":0,"103":0,"104":0,"105":0,"106":0,"107":0,"108":0,"109":0,"110":0,"111":0,"112":0,"113":0,"114":0,"115":0,"116":0,"117":0,"118":0,"119":0,"120":0,"121":0,"122":0,"123":0,"124":0,"125":0,"126":0,"127":0,"128":0,"129":0},"f":{"0":0,"1":0,"2":0,"3":0,"4":0,"5":0,"6":0,"7":0,"8":0,"9":0,"10":0,"11":0},"b":{"0":[0],"1":[0],"2":[0],"3":[0],"4":[0],"5":[0,0,0],"6":[0],"7":[0,0,0],"8":[0,0],"9":[0,0],"10":[0],"11":[0],"12":[0],"13":[0],"14":[0],"15":[0],"16":[0],"17":[0],"18":[0],"19":[0],"20":[0],"21":[0],"22":[0],"23":[0],"24":[0],"25":[0],"26":[0],"27":[0],"28":[0,0],"29":[0,0],"30":[0],"31":[0],"32":[0],"33":[0,0,0,0],"34":[0],"35":[0,0],"36":[0],"37":[0],"38":[0,0],"39":[0],"40":[0,0],"41":[0,0]}}
}
