TN:
SF:src/cli/autoImportCli.ts
FN:40,(anonymous_10)
FN:45,(anonymous_11)
FN:56,(anonymous_12)
FN:60,(anonymous_13)
FN:82,(anonymous_14)
FN:104,(anonymous_15)
FN:105,(anonymous_16)
FN:113,(anonymous_17)
FN:118,(anonymous_18)
FN:119,(anonymous_19)
FN:120,(anonymous_20)
FN:121,(anonymous_21)
FN:122,(anonymous_22)
FN:176,(anonymous_23)
FN:187,(anonymous_24)
FN:220,(anonymous_25)
FN:232,(anonymous_26)
FN:269,createCli
FN:290,(anonymous_28)
FN:340,(anonymous_29)
FN:342,(anonymous_30)
FNF:21
FNH:17
FNDA:38,(anonymous_10)
FNDA:35,(anonymous_11)
FNDA:35,(anonymous_12)
FNDA:4,(anonymous_13)
FNDA:2,(anonymous_14)
FNDA:1,(anonymous_15)
FNDA:1,(anonymous_16)
FNDA:1,(anonymous_17)
FNDA:24,(anonymous_18)
FNDA:24,(anonymous_19)
FNDA:22,(anonymous_20)
FNDA:21,(anonymous_21)
FNDA:20,(anonymous_22)
FNDA:19,(anonymous_23)
FNDA:13,(anonymous_24)
FNDA:16,(anonymous_25)
FNDA:8,(anonymous_26)
FNDA:0,createCli
FNDA:0,(anonymous_28)
FNDA:0,(anonymous_29)
FNDA:0,(anonymous_30)
DA:1,1
DA:2,1
DA:3,1
DA:4,1
DA:5,1
DA:6,1
DA:8,1
DA:10,1
DA:11,1
DA:12,1
DA:35,1
DA:41,38
DA:42,38
DA:46,35
DA:47,35
DA:48,35
DA:50,35
DA:53,35
DA:54,32
DA:56,35
DA:58,3
DA:59,3
DA:60,4
DA:61,3
DA:62,2
DA:63,2
DA:64,1
DA:67,1
DA:71,35
DA:72,35
DA:79,35
DA:80,35
DA:82,35
DA:84,35
DA:90,35
DA:92,35
DA:93,35
DA:94,35
DA:96,35
DA:97,22
DA:98,22
DA:100,21
DA:101,21
DA:103,21
DA:104,21
DA:105,1
DA:106,1
DA:111,21
DA:112,21
DA:113,21
DA:114,1
DA:117,21
DA:118,24
DA:119,24
DA:120,22
DA:121,21
DA:122,20
DA:124,21
DA:125,17
DA:127,17
DA:128,2
DA:129,2
DA:132,17
DA:133,19
DA:135,19
DA:136,19
DA:138,19
DA:139,14
DA:144,14
DA:146,14
DA:147,1
DA:150,14
DA:158,5
DA:159,1
DA:162,5
DA:171,19
DA:176,35
DA:178,35
DA:179,35
DA:180,35
DA:181,35
DA:182,35
DA:184,35
DA:185,4
DA:187,31
DA:188,31
DA:189,8
DA:190,8
DA:191,8
DA:193,23
DA:197,35
DA:198,35
DA:199,3
DA:200,3
DA:213,3
DA:214,3
DA:215,3
DA:221,16
DA:222,16
DA:223,16
DA:224,16
DA:225,16
DA:226,15
DA:227,13
DA:228,12
DA:229,11
DA:233,8
DA:234,8
DA:235,10
DA:236,10
DA:238,10
DA:241,8
DA:242,10
DA:243,10
DA:244,7
DA:245,7
DA:246,7
DA:247,7
DA:248,7
DA:249,7
DA:250,7
DA:256,7
DA:257,7
DA:258,7
DA:259,7
DA:260,7
DA:262,3
DA:263,3
DA:269,1
DA:270,0
DA:272,0
DA:291,0
DA:292,0
DA:293,0
DA:294,0
DA:295,0
DA:296,0
DA:301,0
DA:302,0
DA:303,0
DA:305,0
DA:306,0
DA:308,0
DA:309,0
DA:311,0
DA:312,0
DA:314,0
DA:315,0
DA:317,0
DA:318,0
DA:320,0
DA:321,0
DA:323,0
DA:324,0
DA:328,0
DA:329,0
DA:331,0
DA:332,0
DA:336,0
DA:341,0
DA:342,0
DA:343,0
DA:345,0
DA:346,0
DA:350,0
LF:165
LH:129
BRDA:42,0,0,38
BRDA:42,0,1,1
BRDA:45,1,0,0
BRDA:53,2,0,32
BRDA:53,2,1,3
BRDA:56,3,0,33
BRDA:56,3,1,2
BRDA:61,4,0,2
BRDA:61,4,1,1
BRDA:63,5,0,1
BRDA:82,6,0,1
BRDA:82,6,1,34
BRDA:98,7,0,1
BRDA:124,8,0,17
BRDA:127,9,0,2
BRDA:138,10,0,14
BRDA:138,10,1,5
BRDA:146,11,0,1
BRDA:158,12,0,1
BRDA:184,13,0,4
BRDA:184,13,1,31
BRDA:188,14,0,8
BRDA:188,14,1,23
BRDA:197,15,0,35
BRDA:197,15,1,31
BRDA:198,16,0,3
BRDA:214,17,0,3
BRDA:225,18,0,1
BRDA:226,19,0,2
BRDA:227,20,0,1
BRDA:228,21,0,1
BRDA:235,22,0,10
BRDA:246,23,0,0
BRDA:249,24,0,7
BRDA:256,25,0,0
BRDA:258,26,0,6
BRDA:258,26,1,1
BRDA:262,27,0,2
BRDA:262,27,1,1
BRDA:292,28,0,0
BRDA:292,28,1,0
BRDA:301,29,0,0
BRDA:302,30,0,0
BRDA:302,31,0,0
BRDA:302,31,1,0
BRDA:305,32,0,0
BRDA:305,33,0,0
BRDA:305,33,1,0
BRDA:308,34,0,0
BRDA:308,35,0,0
BRDA:308,35,1,0
BRDA:311,36,0,0
BRDA:311,37,0,0
BRDA:311,37,1,0
BRDA:314,38,0,0
BRDA:314,39,0,0
BRDA:314,39,1,0
BRDA:317,40,0,0
BRDA:317,41,0,0
BRDA:317,41,1,0
BRDA:317,41,2,0
BRDA:320,42,0,0
BRDA:320,43,0,0
BRDA:320,43,1,0
BRDA:323,44,0,0
BRDA:323,45,0,0
BRDA:323,45,1,0
BRF:67
BRH:36
end_of_record
TN:
SF:src/cli/setupWizard.ts
FN:19,cancelled
FN:28,backGate
FN:60,stepExtensions
FN:73,(anonymous_3)
FN:91,stepAliases
FN:103,stepReportFormat
FN:121,stepConfigAndScan
FN:136,(anonymous_7)
FN:137,(anonymous_8)
FN:170,stepScripts
FN:200,stepHusky
FN:297,runSetupWizard
FN:308,(anonymous_12)
FN:309,(anonymous_13)
FNF:14
FNH:0
FNDA:0,cancelled
FNDA:0,backGate
FNDA:0,stepExtensions
FNDA:0,(anonymous_3)
FNDA:0,stepAliases
FNDA:0,stepReportFormat
FNDA:0,stepConfigAndScan
FNDA:0,(anonymous_7)
FNDA:0,(anonymous_8)
FNDA:0,stepScripts
FNDA:0,stepHusky
FNDA:0,runSetupWizard
FNDA:0,(anonymous_12)
FNDA:0,(anonymous_13)
DA:16,0
DA:20,0
DA:21,0
DA:22,0
DA:24,0
DA:29,0
DA:36,0
DA:37,0
DA:61,0
DA:62,0
DA:65,0
DA:66,0
DA:67,0
DA:68,0
DA:71,0
DA:73,0
DA:86,0
DA:87,0
DA:92,0
DA:94,0
DA:98,0
DA:99,0
DA:104,0
DA:106,0
DA:116,0
DA:117,0
DA:122,0
DA:124,0
DA:131,0
DA:134,0
DA:136,0
DA:137,0
DA:138,0
DA:139,0
DA:141,0
DA:142,0
DA:145,0
DA:149,0
DA:151,0
DA:152,0
DA:153,0
DA:154,0
DA:155,0
DA:156,0
DA:162,0
DA:164,0
DA:171,0
DA:173,0
DA:175,0
DA:176,0
DA:180,0
DA:182,0
DA:183,0
DA:184,0
DA:185,0
DA:186,0
DA:188,0
DA:189,0
DA:190,0
DA:191,0
DA:192,0
DA:195,0
DA:201,0
DA:203,0
DA:205,0
DA:206,0
DA:210,0
DA:211,0
DA:212,0
DA:213,0
DA:214,0
DA:215,0
DA:216,0
DA:218,0
DA:221,0
DA:224,0
DA:225,0
DA:229,0
DA:230,0
DA:231,0
DA:232,0
DA:233,0
DA:234,0
DA:238,0
DA:241,0
DA:245,0
DA:246,0
DA:247,0
DA:248,0
DA:249,0
DA:250,0
DA:257,0
DA:258,0
DA:260,0
DA:262,0
DA:263,0
DA:270,0
DA:271,0
DA:273,0
DA:275,0
DA:276,0
DA:277,0
DA:278,0
DA:282,0
DA:284,0
DA:285,0
DA:298,0
DA:300,0
DA:303,0
DA:304,0
DA:306,0
DA:307,0
DA:308,0
DA:309,0
DA:311,0
DA:313,0
DA:314,0
DA:321,0
DA:322,0
DA:323,0
DA:324,0
DA:330,0
DA:342,0
DA:351,0
DA:352,0
DA:353,0
DA:354,0
DA:355,0
DA:357,0
DA:362,0
DA:376,0
LF:131
LH:0
BRDA:20,0,0,0
BRDA:61,1,0,0
BRDA:61,2,0,0
BRDA:61,2,1,0
BRDA:65,3,0,0
BRDA:76,4,0,0
BRDA:76,4,1,0
BRDA:79,5,0,0
BRDA:79,5,1,0
BRDA:81,6,0,0
BRDA:81,6,1,0
BRDA:92,7,0,0
BRDA:95,8,0,0
BRDA:95,8,1,0
BRDA:96,9,0,0
BRDA:96,9,1,0
BRDA:104,10,0,0
BRDA:122,11,0,0
BRDA:138,12,0,0
BRDA:138,12,1,0
BRDA:151,13,0,0
BRDA:171,14,0,0
BRDA:175,15,0,0
BRDA:175,15,1,0
BRDA:182,16,0,0
BRDA:183,17,0,0
BRDA:183,17,1,0
BRDA:184,18,0,0
BRDA:186,19,0,0
BRDA:186,20,0,0
BRDA:186,20,1,0
BRDA:201,21,0,0
BRDA:205,22,0,0
BRDA:205,22,1,0
BRDA:205,23,0,0
BRDA:205,23,1,0
BRDA:210,24,0,0
BRDA:210,25,0,0
BRDA:210,25,1,0
BRDA:214,26,0,0
BRDA:214,26,1,0
BRDA:224,27,0,0
BRDA:224,27,1,0
BRDA:224,28,0,0
BRDA:224,28,1,0
BRDA:229,29,0,0
BRDA:229,30,0,0
BRDA:229,30,1,0
BRDA:245,31,0,0
BRDA:245,32,0,0
BRDA:245,32,1,0
BRDA:257,33,0,0
BRDA:270,34,0,0
BRDA:286,35,0,0
BRDA:286,35,1,0
BRDA:313,36,0,0
BRDA:317,37,0,0
BRDA:317,37,1,0
BRDA:354,38,0,0
BRDA:354,38,1,0
BRDA:366,39,0,0
BRDA:366,39,1,0
BRDA:367,40,0,0
BRDA:367,40,1,0
BRF:64
BRH:0
end_of_record
TN:
SF:src/cli/wizardUtils.ts
FN:28,detectFileExtensions
FN:43,readPackageJson
FN:52,detectHusky
FN:80,generateConfig
FN:96,loadConfigFile
FNF:5
FNH:0
FNDA:0,detectFileExtensions
FNDA:0,readPackageJson
FNDA:0,detectHusky
FNDA:0,generateConfig
FNDA:0,loadConfigFile
DA:14,0
DA:26,0
DA:29,0
DA:35,0
DA:36,0
DA:37,0
DA:38,0
DA:40,0
DA:44,0
DA:45,0
DA:46,0
DA:48,0
DA:53,0
DA:54,0
DA:56,0
DA:57,0
DA:58,0
DA:59,0
DA:64,0
DA:65,0
DA:67,0
DA:68,0
DA:69,0
DA:70,0
DA:71,0
DA:77,0
DA:86,0
DA:97,0
DA:98,0
DA:99,0
DA:101,0
LF:31
LH:0
BRDA:38,0,0,0
BRDA:64,1,0,0
BRDA:64,1,1,0
BRDA:65,2,0,0
BRDA:65,2,1,0
BRDA:68,3,0,0
BRDA:92,4,0,0
BRDA:92,4,1,0
BRF:8
BRH:0
end_of_record
TN:
SF:src/constants/jstsKeywords.ts
FNF:0
FNH:0
DA:6,1
DA:28,1
LF:2
LH:2
BRF:0
BRH:0
end_of_record
TN:
SF:src/detector/languageDetector.ts
FN:34,fileExists
FN:43,hasFilesMatching
FN:58,detectProjectLanguages
FNF:3
FNH:0
FNDA:0,fileExists
FNDA:0,hasFilesMatching
FNDA:0,detectProjectLanguages
DA:5,0
DA:35,0
DA:36,0
DA:37,0
DA:39,0
DA:44,0
DA:50,0
DA:59,0
DA:60,0
DA:62,0
DA:63,0
DA:67,0
DA:68,0
DA:69,0
DA:74,0
LF:15
LH:0
BRDA:63,0,0,0
BRDA:63,0,1,0
BRDA:67,1,0,0
BRF:3
BRH:0
end_of_record
TN:
SF:src/parser/astParser.ts
FN:27,(anonymous_0)
FN:34,(anonymous_1)
FN:35,(anonymous_2)
FN:36,(anonymous_3)
FN:37,(anonymous_4)
FN:38,(anonymous_5)
FN:47,(anonymous_6)
FN:57,(anonymous_7)
FN:58,(anonymous_8)
FN:102,(anonymous_9)
FN:112,(anonymous_10)
FN:165,(anonymous_11)
FN:167,(anonymous_12)
FN:168,(anonymous_13)
FN:173,(anonymous_14)
FN:177,(anonymous_15)
FN:181,(anonymous_16)
FNF:17
FNH:0
FNDA:0,(anonymous_0)
FNDA:0,(anonymous_1)
FNDA:0,(anonymous_2)
FNDA:0,(anonymous_3)
FNDA:0,(anonymous_4)
FNDA:0,(anonymous_5)
FNDA:0,(anonymous_6)
FNDA:0,(anonymous_7)
FNDA:0,(anonymous_8)
FNDA:0,(anonymous_9)
FNDA:0,(anonymous_10)
FNDA:0,(anonymous_11)
FNDA:0,(anonymous_12)
FNDA:0,(anonymous_13)
FNDA:0,(anonymous_14)
FNDA:0,(anonymous_15)
FNDA:0,(anonymous_16)
DA:1,1
DA:22,1
DA:28,0
DA:29,0
DA:30,0
DA:33,0
DA:34,0
DA:35,0
DA:36,0
DA:37,0
DA:38,0
DA:40,0
DA:48,0
DA:51,0
DA:54,0
DA:55,0
DA:57,0
DA:58,0
DA:60,0
DA:68,0
DA:69,0
DA:71,0
DA:72,0
DA:81,0
DA:82,0
DA:83,0
DA:92,0
DA:93,0
DA:94,0
DA:99,0
DA:103,0
DA:104,0
DA:108,0
DA:109,0
DA:110,0
DA:112,0
DA:114,0
DA:120,0
DA:125,0
DA:126,0
DA:135,0
DA:136,0
DA:144,0
DA:145,0
DA:146,0
DA:147,0
DA:150,0
DA:151,0
DA:159,0
DA:162,0
DA:166,0
DA:167,0
DA:168,0
DA:170,0
DA:174,0
DA:178,0
DA:182,0
DA:201,0
LF:58
LH:2
BRDA:71,0,0,0
BRDA:114,1,0,0
BRDA:115,2,0,0
BRDA:115,2,1,0
BRDA:115,2,2,0
BRDA:115,2,3,0
BRDA:147,3,0,0
BRDA:147,3,1,0
BRDA:150,4,0,0
BRDA:150,5,0,0
BRDA:150,5,1,0
BRF:11
BRH:0
end_of_record
TN:
SF:src/parser/frameworkParser.ts
FN:18,(anonymous_0)
FN:39,(anonymous_1)
FN:52,(anonymous_2)
FN:72,(anonymous_3)
FN:129,(anonymous_4)
FN:177,(anonymous_5)
FN:224,(anonymous_6)
FNF:7
FNH:0
FNDA:0,(anonymous_0)
FNDA:0,(anonymous_1)
FNDA:0,(anonymous_2)
FNDA:0,(anonymous_3)
FNDA:0,(anonymous_4)
FNDA:0,(anonymous_5)
FNDA:0,(anonymous_6)
DA:14,1
DA:19,0
DA:21,0
DA:22,0
DA:30,0
DA:32,0
DA:40,0
DA:42,0
DA:44,0
DA:46,0
DA:48,0
DA:56,0
DA:58,0
DA:60,0
DA:62,0
DA:78,0
DA:79,0
DA:80,0
DA:81,0
DA:82,0
DA:83,0
DA:86,0
DA:87,0
DA:88,0
DA:89,0
DA:90,0
DA:92,0
DA:95,0
DA:96,0
DA:97,0
DA:98,0
DA:101,0
DA:102,0
DA:103,0
DA:104,0
DA:108,0
DA:109,0
DA:116,0
DA:136,0
DA:137,0
DA:138,0
DA:139,0
DA:140,0
DA:143,0
DA:144,0
DA:145,0
DA:146,0
DA:148,0
DA:151,0
DA:152,0
DA:153,0
DA:154,0
DA:158,0
DA:159,0
DA:166,0
DA:183,0
DA:184,0
DA:186,0
DA:187,0
DA:188,0
DA:189,0
DA:191,0
DA:199,0
DA:200,0
DA:202,0
DA:203,0
DA:204,0
DA:205,0
DA:207,0
DA:214,0
DA:225,0
DA:226,0
DA:229,0
DA:233,0
DA:236,0
DA:237,0
DA:238,0
DA:241,0
DA:242,0
DA:243,0
DA:249,0
DA:250,0
DA:252,0
DA:253,0
DA:254,0
DA:255,0
DA:260,0
DA:261,0
DA:263,0
DA:266,0
DA:267,0
DA:269,0
LF:92
LH:1
BRDA:21,0,0,0
BRDA:40,1,0,0
BRDA:40,1,1,0
BRDA:40,1,2,0
BRDA:40,1,3,0
BRDA:56,2,0,0
BRDA:56,2,1,0
BRDA:56,2,2,0
BRDA:95,3,0,0
BRDA:101,4,0,0
BRDA:101,5,0,0
BRDA:101,5,1,0
BRDA:108,6,0,0
BRDA:151,7,0,0
BRDA:158,8,0,0
BRDA:186,9,0,0
BRDA:202,10,0,0
BRDA:225,11,0,0
BRDA:225,12,0,0
BRDA:225,12,1,0
BRDA:243,13,0,0
BRDA:244,14,0,0
BRDA:244,14,1,0
BRDA:244,14,2,0
BRDA:244,14,3,0
BRDA:252,15,0,0
BRDA:252,15,1,0
BRDA:254,16,0,0
BRDA:254,17,0,0
BRDA:254,17,1,0
BRDA:260,18,0,0
BRDA:260,18,1,0
BRF:32
BRH:0
end_of_record
TN:
SF:src/plugins/elixirPlugin.ts
FN:9,(anonymous_0)
FN:25,(anonymous_1)
FN:26,(anonymous_2)
FN:39,(anonymous_3)
FN:45,(anonymous_4)
FN:86,(anonymous_5)
FN:90,(anonymous_6)
FN:124,(anonymous_7)
FN:165,(anonymous_8)
FN:169,(anonymous_9)
FN:180,(anonymous_10)
FN:209,(anonymous_11)
FN:216,(anonymous_12)
FN:226,(anonymous_13)
FN:238,(anonymous_14)
FN:241,(anonymous_15)
FNF:16
FNH:0
FNDA:0,(anonymous_0)
FNDA:0,(anonymous_1)
FNDA:0,(anonymous_2)
FNDA:0,(anonymous_3)
FNDA:0,(anonymous_4)
FNDA:0,(anonymous_5)
FNDA:0,(anonymous_6)
FNDA:0,(anonymous_7)
FNDA:0,(anonymous_8)
FNDA:0,(anonymous_9)
FNDA:0,(anonymous_10)
FNDA:0,(anonymous_11)
FNDA:0,(anonymous_12)
FNDA:0,(anonymous_13)
FNDA:0,(anonymous_14)
FNDA:0,(anonymous_15)
DA:5,1
DA:6,1
DA:7,1
DA:10,0
DA:13,0
DA:14,0
DA:15,0
DA:16,0
DA:17,0
DA:20,0
DA:21,0
DA:22,0
DA:23,0
DA:25,0
DA:26,0
DA:27,0
DA:28,0
DA:29,0
DA:30,0
DA:34,0
DA:35,0
DA:36,0
DA:37,0
DA:40,0
DA:45,0
DA:46,0
DA:52,0
DA:53,0
DA:54,0
DA:55,0
DA:56,0
DA:59,0
DA:60,0
DA:61,0
DA:62,0
DA:63,0
DA:68,0
DA:69,0
DA:70,0
DA:71,0
DA:72,0
DA:76,0
DA:77,0
DA:78,0
DA:79,0
DA:80,0
DA:83,0
DA:87,0
DA:88,0
DA:90,0
DA:91,0
DA:93,0
DA:99,0
DA:102,0
DA:104,0
DA:105,0
DA:106,0
DA:107,0
DA:108,0
DA:112,0
DA:113,0
DA:114,0
DA:115,0
DA:116,0
DA:121,0
DA:125,0
DA:128,0
DA:129,0
DA:130,0
DA:131,0
DA:132,0
DA:133,0
DA:134,0
DA:138,0
DA:139,0
DA:140,0
DA:141,0
DA:142,0
DA:146,0
DA:147,0
DA:148,0
DA:149,0
DA:152,0
DA:153,0
DA:154,0
DA:155,0
DA:156,0
DA:157,0
DA:158,0
DA:162,0
DA:166,0
DA:170,0
DA:171,0
DA:172,0
DA:173,0
DA:175,0
DA:177,0
DA:181,0
DA:182,0
DA:183,0
DA:185,0
DA:186,0
DA:188,0
DA:189,0
DA:190,0
DA:193,0
DA:194,0
DA:198,0
DA:199,0
DA:202,0
DA:203,0
DA:206,0
DA:210,0
DA:211,0
DA:212,0
DA:213,0
DA:217,0
DA:218,0
DA:220,0
DA:222,0
DA:223,0
DA:224,0
DA:226,0
DA:230,0
DA:231,0
DA:232,0
DA:233,0
DA:235,0
DA:239,0
DA:241,0
DA:246,1
DA:321,1
DA:412,1
LF:133
LH:6
BRDA:16,0,0,0
BRDA:16,0,1,0
BRDA:93,1,0,0
BRDA:94,2,0,0
BRDA:94,2,1,0
BRDA:94,2,2,0
BRDA:94,2,3,0
BRDA:107,3,0,0
BRDA:115,4,0,0
BRDA:115,5,0,0
BRDA:115,5,1,0
BRDA:133,6,0,0
BRDA:140,7,0,0
BRDA:140,7,1,0
BRDA:141,8,0,0
BRDA:141,9,0,0
BRDA:141,9,1,0
BRDA:157,10,0,0
BRDA:166,11,0,0
BRDA:166,11,1,0
BRDA:171,12,0,0
BRDA:172,13,0,0
BRDA:188,14,0,0
BRDA:193,15,0,0
BRDA:198,16,0,0
BRDA:202,17,0,0
BRDA:223,18,0,0
BRDA:231,19,0,0
BRDA:231,19,1,0
BRDA:232,20,0,0
BRF:30
BRH:0
end_of_record
TN:
SF:src/plugins/goPlugin.ts
FN:9,(anonymous_0)
FN:40,(anonymous_1)
FN:88,(anonymous_2)
FN:142,(anonymous_3)
FN:148,(anonymous_4)
FN:153,(anonymous_5)
FN:212,(anonymous_6)
FN:229,(anonymous_7)
FN:234,(anonymous_8)
FN:260,(anonymous_9)
FNF:10
FNH:0
FNDA:0,(anonymous_0)
FNDA:0,(anonymous_1)
FNDA:0,(anonymous_2)
FNDA:0,(anonymous_3)
FNDA:0,(anonymous_4)
FNDA:0,(anonymous_5)
FNDA:0,(anonymous_6)
FNDA:0,(anonymous_7)
FNDA:0,(anonymous_8)
FNDA:0,(anonymous_9)
DA:5,1
DA:6,1
DA:7,1
DA:10,0
DA:11,0
DA:14,0
DA:16,0
DA:17,0
DA:18,0
DA:20,0
DA:21,0
DA:22,0
DA:23,0
DA:24,0
DA:29,0
DA:30,0
DA:31,0
DA:32,0
DA:33,0
DA:34,0
DA:37,0
DA:41,0
DA:42,0
DA:44,0
DA:45,0
DA:46,0
DA:48,0
DA:59,0
DA:63,0
DA:65,0
DA:66,0
DA:67,0
DA:68,0
DA:69,0
DA:70,0
DA:74,0
DA:75,0
DA:76,0
DA:77,0
DA:78,0
DA:79,0
DA:80,0
DA:85,0
DA:89,0
DA:90,0
DA:94,0
DA:95,0
DA:96,0
DA:100,0
DA:101,0
DA:102,0
DA:106,0
DA:107,0
DA:108,0
DA:112,0
DA:113,0
DA:114,0
DA:115,0
DA:117,0
DA:118,0
DA:123,0
DA:124,0
DA:125,0
DA:129,0
DA:130,0
DA:131,0
DA:132,0
DA:134,0
DA:135,0
DA:139,0
DA:143,0
DA:149,0
DA:150,0
DA:154,0
DA:155,0
DA:156,0
DA:157,0
DA:158,0
DA:160,0
DA:161,0
DA:163,0
DA:164,0
DA:165,0
DA:167,0
DA:170,0
DA:171,0
DA:172,0
DA:174,0
DA:177,0
DA:178,0
DA:181,0
DA:182,0
DA:183,0
DA:186,0
DA:187,0
DA:188,0
DA:191,0
DA:192,0
DA:193,0
DA:194,0
DA:196,0
DA:199,0
DA:200,0
DA:201,0
DA:204,0
DA:205,0
DA:209,0
DA:213,0
DA:214,0
DA:216,0
DA:217,0
DA:218,0
DA:220,0
DA:221,0
DA:223,0
DA:226,0
DA:230,0
DA:231,0
DA:235,0
DA:238,0
DA:239,0
DA:240,0
DA:243,0
DA:244,0
DA:247,0
DA:248,0
DA:249,0
DA:250,0
DA:253,0
DA:254,0
DA:257,0
DA:261,0
DA:265,1
DA:293,1
DA:314,1
DA:339,1
DA:341,1
LF:137
LH:8
BRDA:23,0,0,0
BRDA:23,0,1,0
BRDA:33,1,0,0
BRDA:33,1,1,0
BRDA:48,2,0,0
BRDA:49,3,0,0
BRDA:49,3,1,0
BRDA:49,3,2,0
BRDA:49,3,3,0
BRDA:49,3,4,0
BRDA:49,3,5,0
BRDA:49,3,6,0
BRDA:49,3,7,0
BRDA:49,3,8,0
BRDA:68,4,0,0
BRDA:78,5,0,0
BRDA:79,6,0,0
BRDA:79,7,0,0
BRDA:79,7,1,0
BRDA:144,8,0,0
BRDA:144,8,1,0
BRDA:144,8,2,0
BRDA:144,8,3,0
BRDA:163,9,0,0
BRDA:164,10,0,0
BRDA:170,11,0,0
BRDA:171,12,0,0
BRDA:177,13,0,0
BRDA:177,14,0,0
BRDA:177,14,1,0
BRDA:181,15,0,0
BRDA:186,16,0,0
BRDA:186,17,0,0
BRDA:186,17,1,0
BRDA:191,18,0,0
BRDA:192,19,0,0
BRDA:199,20,0,0
BRDA:204,21,0,0
BRDA:204,22,0,0
BRDA:204,22,1,0
BRDA:209,23,0,0
BRDA:209,23,1,0
BRDA:216,24,0,0
BRDA:216,24,1,0
BRDA:216,25,0,0
BRDA:216,25,1,0
BRDA:217,26,0,0
BRDA:217,26,1,0
BRDA:217,26,2,0
BRDA:218,27,0,0
BRDA:218,27,1,0
BRDA:218,27,2,0
BRDA:220,28,0,0
BRDA:220,28,1,0
BRDA:238,29,0,0
BRDA:240,30,0,0
BRDA:240,30,1,0
BRDA:243,31,0,0
BRDA:243,32,0,0
BRDA:243,32,1,0
BRDA:249,33,0,0
BRDA:253,34,0,0
BRF:62
BRH:0
end_of_record
TN:
SF:src/plugins/index.ts
FN:2,(anonymous_0)
FN:3,(anonymous_1)
FN:4,(anonymous_2)
FN:5,(anonymous_3)
FN:6,(anonymous_4)
FN:23,getPluginForExtension
FN:25,(anonymous_6)
FN:28,getAllExtensions
FN:30,(anonymous_8)
FN:33,getDefaultPlugins
FNF:10
FNH:5
FNDA:0,(anonymous_0)
FNDA:0,(anonymous_1)
FNDA:0,(anonymous_2)
FNDA:0,(anonymous_3)
FNDA:0,(anonymous_4)
FNDA:29,getPluginForExtension
FNDA:29,(anonymous_6)
FNDA:4,getAllExtensions
FNDA:4,(anonymous_8)
FNDA:1,getDefaultPlugins
DA:2,1
DA:3,1
DA:4,1
DA:5,1
DA:6,1
DA:9,1
DA:10,1
DA:11,1
DA:12,1
DA:13,1
DA:15,1
DA:23,1
DA:24,29
DA:25,29
DA:28,1
DA:29,4
DA:30,4
DA:33,1
DA:34,1
LF:19
LH:19
BRDA:24,0,0,29
BRDA:24,0,1,0
BRDA:25,1,0,29
BRDA:25,1,1,1
BRDA:29,2,0,4
BRDA:29,2,1,0
BRF:6
BRH:4
end_of_record
TN:
SF:src/plugins/jsTsPlugin.ts
FN:18,(anonymous_9)
FN:23,(anonymous_10)
FN:28,(anonymous_11)
FN:67,(anonymous_12)
FN:68,(anonymous_13)
FN:69,(anonymous_14)
FN:88,(anonymous_15)
FN:89,(anonymous_16)
FN:90,(anonymous_17)
FN:105,(anonymous_18)
FN:106,(anonymous_19)
FN:107,(anonymous_20)
FN:127,(anonymous_21)
FN:131,(anonymous_22)
FN:135,(anonymous_23)
FN:151,(anonymous_24)
FN:166,(anonymous_25)
FN:175,(anonymous_26)
FNF:18
FNH:0
FNDA:0,(anonymous_9)
FNDA:0,(anonymous_10)
FNDA:0,(anonymous_11)
FNDA:0,(anonymous_12)
FNDA:0,(anonymous_13)
FNDA:0,(anonymous_14)
FNDA:0,(anonymous_15)
FNDA:0,(anonymous_16)
FNDA:0,(anonymous_17)
FNDA:0,(anonymous_18)
FNDA:0,(anonymous_19)
FNDA:0,(anonymous_20)
FNDA:0,(anonymous_21)
FNDA:0,(anonymous_22)
FNDA:0,(anonymous_23)
FNDA:0,(anonymous_24)
FNDA:0,(anonymous_25)
FNDA:0,(anonymous_26)
DA:1,1
DA:3,1
DA:4,1
DA:7,1
DA:9,1
DA:11,1
DA:12,1
DA:13,1
DA:15,1
DA:16,1
DA:19,0
DA:20,0
DA:24,0
DA:25,0
DA:29,0
DA:30,0
DA:33,0
DA:34,0
DA:35,0
DA:38,0
DA:39,0
DA:40,0
DA:43,0
DA:44,0
DA:45,0
DA:48,0
DA:49,0
DA:50,0
DA:53,0
DA:54,0
DA:55,0
DA:58,0
DA:59,0
DA:60,0
DA:63,0
DA:64,0
DA:65,0
DA:67,0
DA:68,0
DA:69,0
DA:70,0
DA:71,0
DA:72,0
DA:73,0
DA:78,0
DA:79,0
DA:80,0
DA:84,0
DA:85,0
DA:86,0
DA:88,0
DA:89,0
DA:90,0
DA:91,0
DA:92,0
DA:93,0
DA:98,0
DA:99,0
DA:101,0
DA:102,0
DA:103,0
DA:105,0
DA:106,0
DA:107,0
DA:108,0
DA:113,0
DA:114,0
DA:115,0
DA:119,0
DA:120,0
DA:121,0
DA:124,0
DA:128,0
DA:132,0
DA:136,0
DA:137,0
DA:138,0
DA:139,0
DA:140,0
DA:141,0
DA:142,0
DA:143,0
DA:144,0
DA:145,0
DA:148,0
DA:152,0
DA:153,0
DA:154,0
DA:155,0
DA:156,0
DA:160,0
DA:161,0
DA:162,0
DA:163,0
DA:167,0
DA:168,0
DA:169,0
DA:170,0
DA:172,0
DA:176,0
DA:177,0
DA:178,0
DA:179,0
DA:180,0
DA:182,0
DA:183,0
DA:186,0
DA:187,0
DA:189,0
DA:190,0
DA:191,0
DA:192,0
DA:194,0
DA:197,0
DA:198,0
DA:199,0
DA:200,0
DA:202,0
DA:205,0
DA:206,0
DA:207,0
DA:209,0
DA:210,0
DA:211,0
DA:212,0
DA:216,0
LF:126
LH:10
BRDA:99,0,0,0
BRDA:99,1,0,0
BRDA:99,1,1,0
BRDA:128,2,0,0
BRDA:128,2,1,0
BRDA:132,3,0,0
BRDA:132,3,1,0
BRDA:137,4,0,0
BRDA:139,5,0,0
BRDA:143,6,0,0
BRDA:143,6,1,0
BRDA:153,7,0,0
BRDA:155,8,0,0
BRDA:168,9,0,0
BRDA:170,10,0,0
BRDA:170,10,1,0
BRDA:180,11,0,0
BRDA:180,11,1,0
BRDA:180,12,0,0
BRDA:180,12,1,0
BRDA:182,13,0,0
BRDA:189,14,0,0
BRDA:191,15,0,0
BRDA:197,16,0,0
BRDA:199,17,0,0
BRDA:205,18,0,0
BRDA:205,19,0,0
BRDA:205,19,1,0
BRDA:205,19,2,0
BRDA:209,20,0,0
BRDA:209,20,1,0
BRDA:211,21,0,0
BRDA:211,22,0,0
BRDA:211,22,1,0
BRDA:216,23,0,0
BRDA:216,23,1,0
BRF:36
BRH:0
end_of_record
TN:
SF:src/plugins/pythonPlugin.ts
FN:9,(anonymous_0)
FN:15,(anonymous_1)
FN:25,(anonymous_2)
FN:26,(anonymous_3)
FN:27,(anonymous_4)
FN:43,(anonymous_5)
FN:71,(anonymous_6)
FN:137,(anonymous_7)
FN:165,(anonymous_8)
FN:171,(anonymous_9)
FN:192,(anonymous_10)
FN:196,(anonymous_11)
FN:201,(anonymous_12)
FN:243,(anonymous_13)
FN:250,(anonymous_14)
FNF:15
FNH:0
FNDA:0,(anonymous_0)
FNDA:0,(anonymous_1)
FNDA:0,(anonymous_2)
FNDA:0,(anonymous_3)
FNDA:0,(anonymous_4)
FNDA:0,(anonymous_5)
FNDA:0,(anonymous_6)
FNDA:0,(anonymous_7)
FNDA:0,(anonymous_8)
FNDA:0,(anonymous_9)
FNDA:0,(anonymous_10)
FNDA:0,(anonymous_11)
FNDA:0,(anonymous_12)
FNDA:0,(anonymous_13)
FNDA:0,(anonymous_14)
DA:5,1
DA:6,1
DA:7,1
DA:10,0
DA:13,0
DA:16,0
DA:17,0
DA:21,0
DA:22,0
DA:23,0
DA:25,0
DA:26,0
DA:28,0
DA:29,0
DA:31,0
DA:34,0
DA:35,0
DA:36,0
DA:37,0
DA:40,0
DA:44,0
DA:45,0
DA:48,0
DA:49,0
DA:50,0
DA:51,0
DA:53,0
DA:54,0
DA:56,0
DA:57,0
DA:58,0
DA:59,0
DA:60,0
DA:61,0
DA:62,0
DA:63,0
DA:69,0
DA:71,0
DA:72,0
DA:73,0
DA:74,0
DA:80,0
DA:81,0
DA:82,0
DA:83,0
DA:84,0
DA:85,0
DA:86,0
DA:88,0
DA:89,0
DA:90,0
DA:91,0
DA:92,0
DA:98,0
DA:100,0
DA:101,0
DA:102,0
DA:103,0
DA:108,0
DA:109,0
DA:110,0
DA:111,0
DA:116,0
DA:117,0
DA:118,0
DA:119,0
DA:120,0
DA:125,0
DA:126,0
DA:127,0
DA:128,0
DA:134,0
DA:138,0
DA:139,0
DA:143,0
DA:144,0
DA:145,0
DA:146,0
DA:151,0
DA:152,0
DA:153,0
DA:154,0
DA:159,0
DA:160,0
DA:161,0
DA:164,0
DA:165,0
DA:168,0
DA:172,0
DA:173,0
DA:174,0
DA:175,0
DA:178,0
DA:179,0
DA:181,0
DA:182,0
DA:185,0
DA:186,0
DA:189,0
DA:193,0
DA:197,0
DA:198,0
DA:202,0
DA:203,0
DA:204,0
DA:205,0
DA:207,0
DA:208,0
DA:210,0
DA:211,0
DA:212,0
DA:213,0
DA:214,0
DA:215,0
DA:217,0
DA:218,0
DA:219,0
DA:220,0
DA:222,0
DA:223,0
DA:226,0
DA:228,0
DA:229,0
DA:230,0
DA:233,0
DA:234,0
DA:235,0
DA:236,0
DA:240,0
DA:244,0
DA:245,0
DA:246,0
DA:247,0
DA:251,0
DA:252,0
DA:254,0
DA:255,0
DA:256,0
DA:257,0
DA:259,0
DA:260,0
DA:261,0
DA:262,0
DA:265,0
DA:266,0
DA:267,0
DA:270,0
DA:271,0
DA:272,0
DA:276,1
DA:318,1
DA:367,1
LF:152
LH:6
BRDA:26,0,0,0
BRDA:26,0,1,0
BRDA:29,1,0,0
BRDA:29,1,1,0
BRDA:36,2,0,0
BRDA:36,2,1,0
BRDA:60,3,0,0
BRDA:60,4,0,0
BRDA:60,4,1,0
BRDA:60,4,2,0
BRDA:73,5,0,0
BRDA:73,6,0,0
BRDA:73,6,1,0
BRDA:73,6,2,0
BRDA:73,6,3,0
BRDA:82,7,0,0
BRDA:82,7,1,0
BRDA:85,8,0,0
BRDA:88,9,0,0
BRDA:91,10,0,0
BRDA:98,11,0,0
BRDA:98,11,1,0
BRDA:102,12,0,0
BRDA:110,13,0,0
BRDA:119,14,0,0
BRDA:119,15,0,0
BRDA:119,15,1,0
BRDA:127,16,0,0
BRDA:145,17,0,0
BRDA:153,18,0,0
BRDA:164,19,0,0
BRDA:174,20,0,0
BRDA:185,21,0,0
BRDA:193,22,0,0
BRDA:193,22,1,0
BRDA:210,23,0,0
BRDA:210,24,0,0
BRDA:210,24,1,0
BRDA:211,25,0,0
BRDA:211,25,1,0
BRDA:212,26,0,0
BRDA:218,27,0,0
BRDA:226,28,0,0
BRDA:228,29,0,0
BRDA:228,30,0,0
BRDA:228,30,1,0
BRDA:229,31,0,0
BRDA:233,32,0,0
BRDA:233,32,1,0
BRDA:233,33,0,0
BRDA:233,33,1,0
BRDA:235,34,0,0
BRDA:235,35,0,0
BRDA:235,35,1,0
BRDA:240,36,0,0
BRDA:240,36,1,0
BRDA:257,37,0,0
BRDA:257,37,1,0
BRDA:257,38,0,0
BRDA:257,38,1,0
BRDA:259,39,0,0
BRDA:261,40,0,0
BRDA:266,41,0,0
BRDA:271,42,0,0
BRDA:271,42,1,0
BRDA:272,43,0,0
BRDA:272,43,1,0
BRF:67
BRH:0
end_of_record
TN:
SF:src/plugins/rustPlugin.ts
FN:9,(anonymous_0)
FN:67,(anonymous_1)
FN:73,(anonymous_2)
FN:152,(anonymous_3)
FN:216,(anonymous_4)
FN:217,(anonymous_5)
FN:232,(anonymous_6)
FN:236,(anonymous_7)
FN:244,(anonymous_8)
FN:275,(anonymous_9)
FN:283,(anonymous_10)
FN:320,(anonymous_11)
FN:349,(anonymous_12)
FN:376,(anonymous_13)
FN:380,(anonymous_14)
FN:390,(anonymous_15)
FN:402,(anonymous_16)
FN:405,(anonymous_17)
FN:413,(anonymous_18)
FN:416,(anonymous_19)
FNF:20
FNH:0
FNDA:0,(anonymous_0)
FNDA:0,(anonymous_1)
FNDA:0,(anonymous_2)
FNDA:0,(anonymous_3)
FNDA:0,(anonymous_4)
FNDA:0,(anonymous_5)
FNDA:0,(anonymous_6)
FNDA:0,(anonymous_7)
FNDA:0,(anonymous_8)
FNDA:0,(anonymous_9)
FNDA:0,(anonymous_10)
FNDA:0,(anonymous_11)
FNDA:0,(anonymous_12)
FNDA:0,(anonymous_13)
FNDA:0,(anonymous_14)
FNDA:0,(anonymous_15)
FNDA:0,(anonymous_16)
FNDA:0,(anonymous_17)
FNDA:0,(anonymous_18)
FNDA:0,(anonymous_19)
DA:5,1
DA:6,1
DA:7,1
DA:10,0
DA:11,0
DA:13,0
DA:15,0
DA:17,0
DA:18,0
DA:19,0
DA:20,0
DA:24,0
DA:25,0
DA:27,0
DA:28,0
DA:29,0
DA:30,0
DA:33,0
DA:34,0
DA:35,0
DA:36,0
DA:37,0
DA:38,0
DA:39,0
DA:40,0
DA:43,0
DA:44,0
DA:48,0
DA:49,0
DA:53,0
DA:54,0
DA:55,0
DA:56,0
DA:57,0
DA:60,0
DA:64,0
DA:68,0
DA:69,0
DA:70,0
DA:71,0
DA:73,0
DA:74,0
DA:77,0
DA:86,0
DA:90,0
DA:92,0
DA:93,0
DA:95,0
DA:96,0
DA:97,0
DA:98,0
DA:103,0
DA:104,0
DA:105,0
DA:106,0
DA:107,0
DA:108,0
DA:109,0
DA:110,0
DA:115,0
DA:116,0
DA:117,0
DA:118,0
DA:119,0
DA:120,0
DA:121,0
DA:126,0
DA:127,0
DA:128,0
DA:129,0
DA:130,0
DA:132,0
DA:133,0
DA:134,0
DA:135,0
DA:136,0
DA:140,0
DA:141,0
DA:142,0
DA:143,0
DA:144,0
DA:145,0
DA:149,0
DA:153,0
DA:154,0
DA:158,0
DA:159,0
DA:160,0
DA:164,0
DA:165,0
DA:166,0
DA:170,0
DA:171,0
DA:172,0
DA:176,0
DA:177,0
DA:178,0
DA:182,0
DA:183,0
DA:184,0
DA:188,0
DA:189,0
DA:190,0
DA:194,0
DA:195,0
DA:196,0
DA:200,0
DA:201,0
DA:202,0
DA:206,0
DA:207,0
DA:208,0
DA:212,0
DA:213,0
DA:214,0
DA:216,0
DA:217,0
DA:218,0
DA:219,0
DA:220,0
DA:225,0
DA:226,0
DA:227,0
DA:229,0
DA:233,0
DA:237,0
DA:238,0
DA:239,0
DA:241,0
DA:245,0
DA:246,0
DA:247,0
DA:249,0
DA:250,0
DA:253,0
DA:261,0
DA:262,0
DA:265,0
DA:266,0
DA:267,0
DA:268,0
DA:272,0
DA:276,0
DA:277,0
DA:278,0
DA:279,0
DA:284,0
DA:285,0
DA:288,0
DA:289,0
DA:290,0
DA:291,0
DA:293,0
DA:294,0
DA:295,0
DA:296,0
DA:297,0
DA:298,0
DA:299,0
DA:300,0
DA:301,0
DA:302,0
DA:304,0
DA:306,0
DA:310,0
DA:311,0
DA:312,0
DA:316,0
DA:321,0
DA:322,0
DA:324,0
DA:325,0
DA:326,0
DA:328,0
DA:329,0
DA:331,0
DA:332,0
DA:334,0
DA:338,0
DA:339,0
DA:340,0
DA:341,0
DA:345,0
DA:350,0
DA:351,0
DA:352,0
DA:354,0
DA:355,0
DA:356,0
DA:357,0
DA:358,0
DA:359,0
DA:360,0
DA:361,0
DA:362,0
DA:363,0
DA:365,0
DA:369,0
DA:370,0
DA:373,0
DA:379,0
DA:380,0
DA:382,0
DA:384,0
DA:386,0
DA:391,0
DA:402,0
DA:406,0
DA:413,0
DA:417,0
DA:418,0
DA:420,0
DA:421,0
DA:422,0
DA:424,0
DA:425,0
DA:427,0
DA:428,0
DA:429,0
DA:431,0
DA:435,0
DA:436,0
DA:437,0
DA:438,0
DA:440,0
DA:444,1
DA:524,1
DA:609,1
DA:629,1
DA:703,1
LF:230
LH:8
BRDA:17,0,0,0
BRDA:25,1,0,0
BRDA:25,1,1,0
BRDA:36,2,0,0
BRDA:36,2,1,0
BRDA:39,3,0,0
BRDA:43,4,0,0
BRDA:54,5,0,0
BRDA:54,5,1,0
BRDA:77,6,0,0
BRDA:78,7,0,0
BRDA:78,7,1,0
BRDA:78,7,2,0
BRDA:78,7,3,0
BRDA:78,7,4,0
BRDA:78,7,5,0
BRDA:78,7,6,0
BRDA:95,8,0,0
BRDA:96,9,0,0
BRDA:96,10,0,0
BRDA:96,10,1,0
BRDA:106,11,0,0
BRDA:107,12,0,0
BRDA:108,13,0,0
BRDA:108,14,0,0
BRDA:108,14,1,0
BRDA:118,15,0,0
BRDA:119,16,0,0
BRDA:119,17,0,0
BRDA:119,17,1,0
BRDA:129,18,0,0
BRDA:129,19,0,0
BRDA:129,19,1,0
BRDA:130,20,0,0
BRDA:133,21,0,0
BRDA:133,22,0,0
BRDA:133,22,1,0
BRDA:134,23,0,0
BRDA:143,24,0,0
BRDA:143,25,0,0
BRDA:143,25,1,0
BRDA:233,26,0,0
BRDA:233,26,1,0
BRDA:233,26,2,0
BRDA:238,27,0,0
BRDA:253,28,0,0
BRDA:254,29,0,0
BRDA:254,29,1,0
BRDA:254,29,2,0
BRDA:254,29,3,0
BRDA:254,29,4,0
BRDA:254,29,5,0
BRDA:265,30,0,0
BRDA:265,30,1,0
BRDA:265,31,0,0
BRDA:265,31,1,0
BRDA:267,32,0,0
BRDA:267,33,0,0
BRDA:267,33,1,0
BRDA:272,34,0,0
BRDA:272,34,1,0
BRDA:295,35,0,0
BRDA:295,35,1,0
BRDA:298,36,0,0
BRDA:298,36,1,0
BRDA:301,37,0,0
BRDA:301,37,1,0
BRDA:301,38,0,0
BRDA:301,38,1,0
BRDA:311,39,0,0
BRDA:326,40,0,0
BRDA:329,41,0,0
BRDA:329,41,1,0
BRDA:331,42,0,0
BRDA:331,42,1,0
BRDA:334,43,0,0
BRDA:334,43,1,0
BRDA:340,44,0,0
BRDA:340,44,1,0
BRDA:340,45,0,0
BRDA:340,45,1,0
BRDA:355,46,0,0
BRDA:355,46,1,0
BRDA:358,47,0,0
BRDA:358,47,1,0
BRDA:361,48,0,0
BRDA:361,48,1,0
BRDA:361,49,0,0
BRDA:361,49,1,0
BRDA:369,50,0,0
BRDA:382,51,0,0
BRDA:384,52,0,0
BRDA:422,53,0,0
BRDA:422,53,1,0
BRDA:424,54,0,0
BRDA:428,55,0,0
BRDA:428,56,0,0
BRDA:428,56,1,0
BRDA:428,56,2,0
BRDA:436,57,0,0
BRDA:436,57,1,0
BRDA:437,58,0,0
BRDA:437,59,0,0
BRDA:437,59,1,0
BRDA:437,59,2,0
BRDA:440,60,0,0
BRDA:440,60,1,0
BRF:107
BRH:0
end_of_record
TN:
SF:src/reporter/reportGenerator.ts
FN:29,formatDuration
FN:34,generateMarkdownReport
FN:51,(anonymous_2)
FN:64,(anonymous_3)
FN:83,generateTextReport
FN:98,(anonymous_5)
FN:109,(anonymous_6)
FN:122,generateJsonReport
FN:126,writeReport
FNF:9
FNH:0
FNDA:0,formatDuration
FNDA:0,generateMarkdownReport
FNDA:0,(anonymous_2)
FNDA:0,(anonymous_3)
FNDA:0,generateTextReport
FNDA:0,(anonymous_5)
FNDA:0,(anonymous_6)
FNDA:0,generateJsonReport
FNDA:0,writeReport
DA:27,0
DA:30,0
DA:31,0
DA:35,0
DA:36,0
DA:37,0
DA:38,0
DA:39,0
DA:40,0
DA:41,0
DA:42,0
DA:43,0
DA:44,0
DA:45,0
DA:46,0
DA:47,0
DA:48,0
DA:49,0
DA:51,0
DA:52,0
DA:53,0
DA:54,0
DA:55,0
DA:56,0
DA:57,0
DA:58,0
DA:59,0
DA:61,0
DA:64,0
DA:65,0
DA:66,0
DA:67,0
DA:68,0
DA:69,0
DA:70,0
DA:71,0
DA:73,0
DA:76,0
DA:77,0
DA:78,0
DA:79,0
DA:80,0
DA:84,0
DA:85,0
DA:86,0
DA:87,0
DA:88,0
DA:89,0
DA:90,0
DA:91,0
DA:92,0
DA:93,0
DA:94,0
DA:95,0
DA:96,0
DA:98,0
DA:99,0
DA:100,0
DA:101,0
DA:102,0
DA:103,0
DA:104,0
DA:106,0
DA:109,0
DA:110,0
DA:111,0
DA:112,0
DA:113,0
DA:114,0
DA:116,0
DA:119,0
DA:123,0
DA:127,0
DA:132,0
DA:134,0
DA:135,0
DA:136,0
DA:138,0
DA:139,0
DA:140,0
DA:142,0
DA:143,0
DA:144,0
DA:146,0
DA:149,0
DA:150,0
DA:151,0
DA:153,0
DA:154,0
DA:155,0
DA:156,0
DA:158,0
DA:160,0
DA:162,0
LF:94
LH:0
BRDA:30,0,0,0
BRDA:43,1,0,0
BRDA:43,1,1,0
BRDA:52,2,0,0
BRDA:65,3,0,0
BRDA:90,4,0,0
BRDA:90,4,1,0
BRDA:99,5,0,0
BRDA:110,6,0,0
BRDA:127,7,0,0
BRDA:132,8,0,0
BRDA:132,8,1,0
BRDA:132,8,2,0
BRDA:132,8,3,0
BRDA:153,9,0,0
BRDA:153,9,1,0
BRF:16
BRH:0
end_of_record
TN:
SF:src/resolver/importResolver.ts
FN:39,(anonymous_0)
FN:47,(anonymous_1)
FN:101,(anonymous_2)
FN:124,(anonymous_3)
FN:134,(anonymous_4)
FN:140,(anonymous_5)
FN:150,(anonymous_6)
FN:168,(anonymous_7)
FN:206,(anonymous_8)
FN:207,(anonymous_9)
FN:208,(anonymous_10)
FN:219,(anonymous_11)
FN:251,(anonymous_12)
FN:259,(anonymous_13)
FN:296,(anonymous_14)
FN:312,(anonymous_15)
FN:323,(anonymous_16)
FN:342,(anonymous_17)
FN:364,(anonymous_18)
FN:368,(anonymous_19)
FN:373,stripJsonComments
FN:376,(anonymous_21)
FNF:22
FNH:0
FNDA:0,(anonymous_0)
FNDA:0,(anonymous_1)
FNDA:0,(anonymous_2)
FNDA:0,(anonymous_3)
FNDA:0,(anonymous_4)
FNDA:0,(anonymous_5)
FNDA:0,(anonymous_6)
FNDA:0,(anonymous_7)
FNDA:0,(anonymous_8)
FNDA:0,(anonymous_9)
FNDA:0,(anonymous_10)
FNDA:0,(anonymous_11)
FNDA:0,(anonymous_12)
FNDA:0,(anonymous_13)
FNDA:0,(anonymous_14)
FNDA:0,(anonymous_15)
FNDA:0,(anonymous_16)
FNDA:0,(anonymous_17)
FNDA:0,(anonymous_18)
FNDA:0,(anonymous_19)
FNDA:0,stripJsonComments
FNDA:0,(anonymous_21)
DA:31,0
DA:33,0
DA:38,0
DA:40,0
DA:49,0
DA:50,0
DA:51,0
DA:56,0
DA:57,0
DA:60,0
DA:61,0
DA:76,0
DA:77,0
DA:78,0
DA:79,0
DA:80,0
DA:81,0
DA:83,0
DA:84,0
DA:87,0
DA:88,0
DA:89,0
DA:90,0
DA:91,0
DA:93,0
DA:100,0
DA:101,0
DA:102,0
DA:104,0
DA:105,0
DA:106,0
DA:108,0
DA:110,0
DA:111,0
DA:112,0
DA:113,0
DA:114,0
DA:116,0
DA:117,0
DA:124,0
DA:125,0
DA:126,0
DA:127,0
DA:129,0
DA:136,0
DA:137,0
DA:138,0
DA:140,0
DA:141,0
DA:142,0
DA:146,0
DA:149,0
DA:150,0
DA:151,0
DA:152,0
DA:153,0
DA:155,0
DA:160,0
DA:161,0
DA:162,0
DA:169,0
DA:172,0
DA:173,0
DA:174,0
DA:177,0
DA:178,0
DA:179,0
DA:182,0
DA:183,0
DA:184,0
DA:187,0
DA:188,0
DA:189,0
DA:192,0
DA:193,0
DA:194,0
DA:197,0
DA:198,0
DA:199,0
DA:202,0
DA:203,0
DA:204,0
DA:206,0
DA:207,0
DA:208,0
DA:209,0
DA:210,0
DA:211,0
DA:212,0
DA:216,0
DA:220,0
DA:221,0
DA:223,0
DA:225,0
DA:226,0
DA:227,0
DA:230,0
DA:231,0
DA:233,0
DA:234,0
DA:235,0
DA:236,0
DA:237,0
DA:238,0
DA:244,0
DA:251,0
DA:253,0
DA:254,0
DA:263,0
DA:264,0
DA:265,0
DA:267,0
DA:268,0
DA:271,0
DA:273,0
DA:276,0
DA:280,0
DA:281,0
DA:284,0
DA:285,0
DA:287,0
DA:293,0
DA:297,0
DA:299,0
DA:300,0
DA:302,0
DA:303,0
DA:304,0
DA:305,0
DA:309,0
DA:313,0
DA:314,0
DA:315,0
DA:316,0
DA:317,0
DA:318,0
DA:320,0
DA:324,0
DA:325,0
DA:326,0
DA:329,0
DA:330,0
DA:331,0
DA:333,0
DA:334,0
DA:335,0
DA:336,0
DA:337,0
DA:339,0
DA:343,0
DA:344,0
DA:347,0
DA:350,0
DA:351,0
DA:352,0
DA:356,0
DA:357,0
DA:358,0
DA:361,0
DA:365,0
DA:369,0
DA:376,0
DA:378,0
DA:379,0
LF:164
LH:0
BRDA:56,0,0,0
BRDA:81,1,0,0
BRDA:81,1,1,0
BRDA:83,2,0,0
BRDA:87,3,0,0
BRDA:88,4,0,0
BRDA:88,4,1,0
BRDA:101,5,0,0
BRDA:101,5,1,0
BRDA:102,6,0,0
BRDA:108,7,0,0
BRDA:108,8,0,0
BRDA:108,8,1,0
BRDA:111,9,0,0
BRDA:113,10,0,0
BRDA:116,11,0,0
BRDA:116,12,0,0
BRDA:116,12,1,0
BRDA:124,13,0,0
BRDA:124,13,1,0
BRDA:126,14,0,0
BRDA:126,14,1,0
BRDA:138,15,0,0
BRDA:141,16,0,0
BRDA:146,17,0,0
BRDA:149,18,0,0
BRDA:149,19,0,0
BRDA:149,19,1,0
BRDA:152,20,0,0
BRDA:152,20,1,0
BRDA:225,21,0,0
BRDA:225,21,1,0
BRDA:226,22,0,0
BRDA:226,22,1,0
BRDA:230,23,0,0
BRDA:234,24,0,0
BRDA:234,25,0,0
BRDA:234,25,1,0
BRDA:237,26,0,0
BRDA:237,26,1,0
BRDA:265,27,0,0
BRDA:265,27,1,0
BRDA:267,28,0,0
BRDA:267,29,0,0
BRDA:267,29,1,0
BRDA:271,30,0,0
BRDA:271,30,1,0
BRDA:271,31,0,0
BRDA:271,31,1,0
BRDA:280,32,0,0
BRDA:302,33,0,0
BRDA:313,34,0,0
BRDA:316,35,0,0
BRDA:324,36,0,0
BRDA:326,37,0,0
BRDA:329,38,0,0
BRDA:331,39,0,0
BRDA:336,40,0,0
BRDA:347,41,0,0
BRDA:352,42,0,0
BRDA:358,43,0,0
BRDA:376,44,0,0
BRDA:376,44,1,0
BRF:63
BRH:0
end_of_record
TN:
SF:src/scanner/fileScanner.ts
FN:31,(anonymous_0)
FN:66,(anonymous_1)
FNF:2
FNH:0
FNDA:0,(anonymous_0)
FNDA:0,(anonymous_1)
DA:18,0
DA:19,0
DA:32,0
DA:33,0
DA:34,0
DA:37,0
DA:40,0
DA:48,0
DA:49,0
DA:50,0
DA:51,0
DA:52,0
DA:53,0
DA:59,0
DA:63,0
DA:67,0
DA:68,0
DA:69,0
DA:70,0
DA:71,0
DA:77,0
DA:78,0
LF:22
LH:0
BRDA:31,0,0,0
BRDA:32,1,0,0
BRDA:32,1,1,0
BRDA:33,2,0,0
BRDA:33,2,1,0
BRDA:34,3,0,0
BRDA:34,3,1,0
BRDA:37,4,0,0
BRDA:37,4,1,0
BRF:9
BRH:0
end_of_record
TN:
SF:src/sorter/importSorter.ts
FN:50,classifyJsTsImport
FN:62,classifyJsTsSource
FN:83,classifyPythonImport
FN:104,sortImports
FN:117,sortJsTsImports
FN:136,(anonymous_5)
FN:149,sortPythonImports
FN:167,(anonymous_7)
FN:176,assembleGroups
FN:193,extractSource
FN:209,groupImportStatements
FN:232,extractExistingImports
FNF:12
FNH:0
FNDA:0,classifyJsTsImport
FNDA:0,classifyJsTsSource
FNDA:0,classifyPythonImport
FNDA:0,sortImports
FNDA:0,sortJsTsImports
FNDA:0,(anonymous_5)
FNDA:0,sortPythonImports
FNDA:0,(anonymous_7)
FNDA:0,assembleGroups
FNDA:0,extractSource
FNDA:0,groupImportStatements
FNDA:0,extractExistingImports
DA:1,0
DA:11,0
DA:51,0
DA:52,0
DA:53,0
DA:54,0
DA:55,0
DA:57,0
DA:59,0
DA:63,0
DA:64,0
DA:67,0
DA:68,0
DA:69,0
DA:72,0
DA:73,0
DA:76,0
DA:77,0
DA:80,0
DA:84,0
DA:85,0
DA:86,0
DA:88,0
DA:89,0
DA:92,0
DA:93,0
DA:96,0
DA:97,0
DA:98,0
DA:101,0
DA:105,0
DA:106,0
DA:109,0
DA:111,0
DA:112,0
DA:114,0
DA:118,0
DA:125,0
DA:126,0
DA:127,0
DA:130,0
DA:132,0
DA:136,0
DA:137,0
DA:138,0
DA:139,0
DA:142,0
DA:143,0
DA:146,0
DA:150,0
DA:156,0
DA:157,0
DA:158,0
DA:161,0
DA:163,0
DA:167,0
DA:169,0
DA:170,0
DA:173,0
DA:177,0
DA:178,0
DA:180,0
DA:181,0
DA:183,0
DA:184,0
DA:186,0
DA:187,0
DA:190,0
DA:194,0
DA:195,0
DA:197,0
DA:198,0
DA:200,0
DA:201,0
DA:203,0
DA:204,0
DA:206,0
DA:215,0
DA:216,0
DA:218,0
DA:219,0
DA:221,0
DA:222,0
DA:223,0
DA:224,0
DA:225,0
DA:229,0
DA:233,0
DA:234,0
DA:236,0
DA:237,0
DA:238,0
DA:239,0
DA:240,0
DA:241,0
DA:242,0
DA:243,0
DA:244,0
DA:245,0
DA:246,0
DA:248,0
DA:250,0
DA:251,0
DA:252,0
DA:253,0
DA:255,0
DA:256,0
DA:260,0
DA:261,0
DA:263,0
DA:264,0
DA:266,0
DA:267,0
DA:268,0
DA:269,0
DA:270,0
DA:271,0
DA:273,0
DA:276,0
DA:277,0
DA:278,0
DA:280,0
DA:281,0
DA:287,0
LF:124
LH:0
BRDA:52,0,0,0
BRDA:54,1,0,0
BRDA:63,2,0,0
BRDA:68,3,0,0
BRDA:72,4,0,0
BRDA:72,5,0,0
BRDA:72,5,1,0
BRDA:72,5,2,0
BRDA:76,6,0,0
BRDA:76,7,0,0
BRDA:76,7,1,0
BRDA:76,7,2,0
BRDA:86,8,0,0
BRDA:86,8,1,0
BRDA:86,9,0,0
BRDA:86,9,1,0
BRDA:88,10,0,0
BRDA:92,11,0,0
BRDA:97,12,0,0
BRDA:104,13,0,0
BRDA:105,14,0,0
BRDA:111,15,0,0
BRDA:117,16,0,0
BRDA:130,17,0,0
BRDA:149,18,0,0
BRDA:161,19,0,0
BRDA:181,20,0,0
BRDA:183,21,0,0
BRDA:195,22,0,0
BRDA:198,23,0,0
BRDA:201,24,0,0
BRDA:204,25,0,0
BRDA:213,26,0,0
BRDA:223,27,0,0
BRDA:223,28,0,0
BRDA:223,28,1,0
BRDA:236,29,0,0
BRDA:236,29,1,0
BRDA:241,30,0,0
BRDA:243,31,0,0
BRDA:250,32,0,0
BRDA:250,33,0,0
BRDA:250,33,1,0
BRDA:250,33,2,0
BRDA:250,33,3,0
BRDA:255,34,0,0
BRDA:255,35,0,0
BRDA:255,35,1,0
BRDA:266,36,0,0
BRDA:268,37,0,0
BRDA:268,38,0,0
BRDA:268,38,1,0
BRDA:276,39,0,0
BRDA:277,40,0,0
BRDA:277,40,1,0
BRDA:277,41,0,0
BRDA:277,41,1,0
BRF:57
BRH:0
end_of_record
